2023-10-21 20:10:32,946 INFO    StreamThr :2137510 [internal.py:wandb_internal():86] W&B internal server running at pid: 2137510, started at: 2023-10-21 20:10:32.945028
2023-10-21 20:10:32,948 DEBUG   HandlerThread:2137510 [handler.py:handle_request():146] handle_request: status
2023-10-21 20:10:32,952 INFO    WriterThread:2137510 [datastore.py:open_for_write():85] open: /home/xchen/code/Agri_program/Detic-main/wandb/run-20231021_201032-fpzmqt93/run-fpzmqt93.wandb
2023-10-21 20:10:32,952 DEBUG   SenderThread:2137510 [sender.py:send():380] send: header
2023-10-21 20:10:33,088 DEBUG   SenderThread:2137510 [sender.py:send():380] send: run
2023-10-21 20:10:33,878 INFO    SenderThread:2137510 [dir_watcher.py:__init__():211] watching files in: /home/xchen/code/Agri_program/Detic-main/wandb/run-20231021_201032-fpzmqt93/files
2023-10-21 20:10:33,878 INFO    SenderThread:2137510 [sender.py:_start_run_threads():1122] run started: fpzmqt93 with start time 1697890232.94478
2023-10-21 20:10:33,896 DEBUG   HandlerThread:2137510 [handler.py:handle_request():146] handle_request: check_version
2023-10-21 20:10:33,897 DEBUG   SenderThread:2137510 [sender.py:send_request():407] send_request: check_version
2023-10-21 20:10:38,897 DEBUG   HandlerThread:2137510 [handler.py:handle_request():146] handle_request: keepalive
2023-10-21 20:10:38,898 DEBUG   HandlerThread:2137510 [handler.py:handle_request():146] handle_request: status_report
2023-10-21 20:10:38,948 DEBUG   HandlerThread:2137510 [handler.py:handle_request():146] handle_request: run_start
2023-10-21 20:10:38,963 DEBUG   HandlerThread:2137510 [system_info.py:__init__():32] System info init
2023-10-21 20:10:38,963 DEBUG   HandlerThread:2137510 [system_info.py:__init__():47] System info init done
2023-10-21 20:10:38,963 INFO    HandlerThread:2137510 [system_monitor.py:start():194] Starting system monitor
2023-10-21 20:10:38,963 INFO    SystemMonitor:2137510 [system_monitor.py:_start():158] Starting system asset monitoring threads
2023-10-21 20:10:38,963 INFO    HandlerThread:2137510 [system_monitor.py:probe():214] Collecting system info
2023-10-21 20:10:38,964 INFO    SystemMonitor:2137510 [interfaces.py:start():190] Started cpu monitoring
2023-10-21 20:10:38,965 INFO    SystemMonitor:2137510 [interfaces.py:start():190] Started disk monitoring
2023-10-21 20:10:38,966 INFO    SystemMonitor:2137510 [interfaces.py:start():190] Started gpu monitoring
2023-10-21 20:10:38,967 INFO    SystemMonitor:2137510 [interfaces.py:start():190] Started memory monitoring
2023-10-21 20:10:38,968 INFO    SystemMonitor:2137510 [interfaces.py:start():190] Started network monitoring
2023-10-21 20:10:39,073 DEBUG   HandlerThread:2137510 [system_info.py:probe():196] Probing system
2023-10-21 20:10:39,083 DEBUG   HandlerThread:2137510 [system_info.py:_probe_git():181] Probing git
2023-10-21 20:10:39,104 DEBUG   HandlerThread:2137510 [system_info.py:_probe_git():189] Probing git done
2023-10-21 20:10:39,105 DEBUG   HandlerThread:2137510 [system_info.py:probe():244] Probing system done
2023-10-21 20:10:39,105 DEBUG   HandlerThread:2137510 [system_monitor.py:probe():223] {'os': 'Linux-5.15.0-52-generic-x86_64-with-glibc2.10', 'python': '3.8.18', 'heartbeatAt': '2023-10-21T12:10:39.073681', 'startedAt': '2023-10-21T12:10:32.936417', 'docker': None, 'cuda': None, 'args': ('--num-gpus', '2', '--config-file', 'configs/RSPrompter_anchor_tiny_Vitdet.yaml', 'SOLVER.IMS_PER_BATCH', '2'), 'state': 'running', 'program': '/home/xchen/code/Agri_program/Detic-main/train_net_stand.py', 'codePathLocal': 'train_net_stand.py', 'codePath': 'train_net_stand.py', 'git': {'remote': 'git@gitee.com:chenxi105/OpenVo-Seg.git', 'commit': 'f478b9ff325d710d33b8a2d6ad66f0e59b23eb27'}, 'email': '1051180307@qq.com', 'root': '/home/xchen/code/Agri_program/Detic-main', 'host': '619-Server-5', 'username': 'xchen', 'executable': '/home/xchen/anaconda3/envs/Agri/bin/python3', 'cpu_count': 32, 'cpu_count_logical': 64, 'cpu_freq': {'current': 2848.934328125, 'min': 1200.0, 'max': 3900.0}, 'cpu_freq_per_core': [{'current': 1199.997, 'min': 1200.0, 'max': 3900.0}, {'current': 2900.0, 'min': 1200.0, 'max': 3900.0}, {'current': 2900.0, 'min': 1200.0, 'max': 3900.0}, {'current': 2900.0, 'min': 1200.0, 'max': 3900.0}, {'current': 2900.0, 'min': 1200.0, 'max': 3900.0}, {'current': 2900.0, 'min': 1200.0, 'max': 3900.0}, {'current': 2900.0, 'min': 1200.0, 'max': 3900.0}, {'current': 2900.0, 'min': 1200.0, 'max': 3900.0}, {'current': 2900.0, 'min': 1200.0, 'max': 3900.0}, {'current': 2900.0, 'min': 1200.0, 'max': 3900.0}, {'current': 2900.0, 'min': 1200.0, 'max': 3900.0}, {'current': 2900.0, 'min': 1200.0, 'max': 3900.0}, {'current': 1745.946, 'min': 1200.0, 'max': 3900.0}, {'current': 2900.0, 'min': 1200.0, 'max': 3900.0}, {'current': 2900.0, 'min': 1200.0, 'max': 3900.0}, {'current': 2900.0, 'min': 1200.0, 'max': 3900.0}, {'current': 3600.0, 'min': 1200.0, 'max': 3900.0}, {'current': 2900.0, 'min': 1200.0, 'max': 3900.0}, {'current': 2900.0, 'min': 1200.0, 'max': 3900.0}, {'current': 2900.0, 'min': 1200.0, 'max': 3900.0}, {'current': 2900.0, 'min': 1200.0, 'max': 3900.0}, {'current': 2900.0, 'min': 1200.0, 'max': 3900.0}, {'current': 2900.0, 'min': 1200.0, 'max': 3900.0}, {'current': 2900.0, 'min': 1200.0, 'max': 3900.0}, {'current': 2900.0, 'min': 1200.0, 'max': 3900.0}, {'current': 2900.0, 'min': 1200.0, 'max': 3900.0}, {'current': 2900.0, 'min': 1200.0, 'max': 3900.0}, {'current': 2900.0, 'min': 1200.0, 'max': 3900.0}, {'current': 2900.0, 'min': 1200.0, 'max': 3900.0}, {'current': 2900.0, 'min': 1200.0, 'max': 3900.0}, {'current': 2900.0, 'min': 1200.0, 'max': 3900.0}, {'current': 2900.0, 'min': 1200.0, 'max': 3900.0}, {'current': 2900.0, 'min': 1200.0, 'max': 3900.0}, {'current': 2900.0, 'min': 1200.0, 'max': 3900.0}, {'current': 2900.0, 'min': 1200.0, 'max': 3900.0}, {'current': 2900.0, 'min': 1200.0, 'max': 3900.0}, {'current': 2900.0, 'min': 1200.0, 'max': 3900.0}, {'current': 2900.0, 'min': 1200.0, 'max': 3900.0}, {'current': 2900.0, 'min': 1200.0, 'max': 3900.0}, {'current': 2900.0, 'min': 1200.0, 'max': 3900.0}, {'current': 2900.0, 'min': 1200.0, 'max': 3900.0}, {'current': 2900.0, 'min': 1200.0, 'max': 3900.0}, {'current': 2900.0, 'min': 1200.0, 'max': 3900.0}, {'current': 2900.0, 'min': 1200.0, 'max': 3900.0}, {'current': 2900.0, 'min': 1200.0, 'max': 3900.0}, {'current': 2900.0, 'min': 1200.0, 'max': 3900.0}, {'current': 2900.0, 'min': 1200.0, 'max': 3900.0}, {'current': 2900.0, 'min': 1200.0, 'max': 3900.0}, {'current': 2900.0, 'min': 1200.0, 'max': 3900.0}, {'current': 2900.0, 'min': 1200.0, 'max': 3900.0}, {'current': 2900.0, 'min': 1200.0, 'max': 3900.0}, {'current': 2900.0, 'min': 1200.0, 'max': 3900.0}, {'current': 1205.882, 'min': 1200.0, 'max': 3900.0}, {'current': 2900.0, 'min': 1200.0, 'max': 3900.0}, {'current': 2900.0, 'min': 1200.0, 'max': 3900.0}, {'current': 2900.0, 'min': 1200.0, 'max': 3900.0}, {'current': 2900.0, 'min': 1200.0, 'max': 3900.0}, {'current': 2900.0, 'min': 1200.0, 'max': 3900.0}, {'current': 2900.0, 'min': 1200.0, 'max': 3900.0}, {'current': 2900.0, 'min': 1200.0, 'max': 3900.0}, {'current': 2900.0, 'min': 1200.0, 'max': 3900.0}, {'current': 2900.0, 'min': 1200.0, 'max': 3900.0}, {'current': 2900.0, 'min': 1200.0, 'max': 3900.0}, {'current': 2900.0, 'min': 1200.0, 'max': 3900.0}], 'disk': {'/': {'total': 437.53627014160156, 'used': 57.043453216552734}}, 'gpu': 'NVIDIA GeForce RTX 3090', 'gpu_count': 8, 'gpu_devices': [{'name': 'NVIDIA GeForce RTX 3090', 'memory_total': 25769803776}, {'name': 'NVIDIA GeForce RTX 3090', 'memory_total': 25769803776}, {'name': 'NVIDIA GeForce RTX 3090', 'memory_total': 25769803776}, {'name': 'NVIDIA GeForce RTX 3090', 'memory_total': 25769803776}, {'name': 'NVIDIA GeForce RTX 3090', 'memory_total': 25769803776}, {'name': 'NVIDIA GeForce RTX 3090', 'memory_total': 25769803776}, {'name': 'NVIDIA GeForce RTX 3090', 'memory_total': 25769803776}, {'name': 'NVIDIA GeForce RTX 3090', 'memory_total': 25769803776}], 'memory': {'total': 125.54360961914062}}
2023-10-21 20:10:39,105 INFO    HandlerThread:2137510 [system_monitor.py:probe():224] Finished collecting system info
2023-10-21 20:10:39,105 INFO    HandlerThread:2137510 [system_monitor.py:probe():227] Publishing system info
2023-10-21 20:10:39,105 DEBUG   HandlerThread:2137510 [system_info.py:_save_pip():52] Saving list of pip packages installed into the current environment
2023-10-21 20:10:39,106 DEBUG   HandlerThread:2137510 [system_info.py:_save_pip():68] Saving pip packages done
2023-10-21 20:10:39,106 DEBUG   HandlerThread:2137510 [system_info.py:_save_conda():75] Saving list of conda packages installed into the current environment
2023-10-21 20:10:39,882 INFO    Thread-12 :2137510 [dir_watcher.py:_on_file_created():271] file/dir created: /home/xchen/code/Agri_program/Detic-main/wandb/run-20231021_201032-fpzmqt93/files/requirements.txt
2023-10-21 20:10:39,883 INFO    Thread-12 :2137510 [dir_watcher.py:_on_file_created():271] file/dir created: /home/xchen/code/Agri_program/Detic-main/wandb/run-20231021_201032-fpzmqt93/files/conda-environment.yaml
2023-10-21 20:10:40,785 DEBUG   HandlerThread:2137510 [system_info.py:_save_conda():87] Saving conda packages done
2023-10-21 20:10:40,787 INFO    HandlerThread:2137510 [system_monitor.py:probe():229] Finished publishing system info
2023-10-21 20:10:40,796 DEBUG   SenderThread:2137510 [sender.py:send():380] send: files
2023-10-21 20:10:40,797 INFO    SenderThread:2137510 [sender.py:_save_file():1378] saving file wandb-metadata.json with policy now
2023-10-21 20:10:40,809 DEBUG   SenderThread:2137510 [sender.py:send():380] send: telemetry
2023-10-21 20:10:40,809 DEBUG   HandlerThread:2137510 [handler.py:handle_request():146] handle_request: stop_status
2023-10-21 20:10:40,810 DEBUG   SenderThread:2137510 [sender.py:send_request():407] send_request: stop_status
2023-10-21 20:10:40,813 DEBUG   HandlerThread:2137510 [handler.py:handle_request():146] handle_request: internal_messages
2023-10-21 20:10:40,880 INFO    Thread-12 :2137510 [dir_watcher.py:_on_file_modified():288] file/dir modified: /home/xchen/code/Agri_program/Detic-main/wandb/run-20231021_201032-fpzmqt93/files/conda-environment.yaml
2023-10-21 20:10:40,880 INFO    Thread-12 :2137510 [dir_watcher.py:_on_file_created():271] file/dir created: /home/xchen/code/Agri_program/Detic-main/wandb/run-20231021_201032-fpzmqt93/files/wandb-metadata.json
2023-10-21 20:10:41,449 ERROR   wandb-upload_0:2137510 [internal_api.py:upload_file():2556] upload_file exception https://storage.googleapis.com/wandb-production.appspot.com/29team/SamDetector/fpzmqt93/wandb-metadata.json?Expires=1697976641&GoogleAccessId=gorilla-files-url-signer-man%40wandb-production.iam.gserviceaccount.com&Signature=RO4tNvJhNEQEpqebT3%2FhmZ969fjWRYnxo1oLthZyi0Z6uzB3Ny5rPoH9rOs9zsy9gn7w2yWnWMFNeOAsYu9WIXrwSXVznesQyU4Rup7cTJrWgYW0JzXvtwfxGIaD4%2B5DxpRkh4oarBIjaMQiSj03ebHJCQEQt7cWtHCiicd%2BCLL0RcPZzZeciaZX%2Fll43sHmCtOSpqwoxKGeaJ0aA4ZNQQIPa%2F8tgWANnQQRBhHOegIRFG47cVUMn7VuPpTcTzOFlomA8K32A%2Bu97cZ25BECcT5jl1%2B0mTL6TY1l62gRAvWA8SPGVtcScBnJi0zS9onrUXYPkFXTIwaCsV1wLNLJNQ%3D%3D: ('Connection aborted.', ConnectionResetError(104, 'Connection reset by peer'))
2023-10-21 20:10:41,449 ERROR   wandb-upload_0:2137510 [internal_api.py:upload_file():2558] upload_file request headers: {'User-Agent': 'python-requests/2.31.0', 'Accept-Encoding': 'gzip, deflate, br', 'Accept': '*/*', 'Connection': 'keep-alive', 'Content-Length': '8979'}
2023-10-21 20:10:41,449 ERROR   wandb-upload_0:2137510 [internal_api.py:upload_file():2560] upload_file response body: 
2023-10-21 20:10:41,928 INFO    Thread-12 :2137510 [dir_watcher.py:_on_file_created():271] file/dir created: /home/xchen/code/Agri_program/Detic-main/wandb/run-20231021_201032-fpzmqt93/files/output.log
2023-10-21 20:10:42,769 ERROR   wandb-upload_0:2137510 [internal_api.py:upload_file():2556] upload_file exception https://storage.googleapis.com/wandb-production.appspot.com/29team/SamDetector/fpzmqt93/wandb-metadata.json?Expires=1697976641&GoogleAccessId=gorilla-files-url-signer-man%40wandb-production.iam.gserviceaccount.com&Signature=RO4tNvJhNEQEpqebT3%2FhmZ969fjWRYnxo1oLthZyi0Z6uzB3Ny5rPoH9rOs9zsy9gn7w2yWnWMFNeOAsYu9WIXrwSXVznesQyU4Rup7cTJrWgYW0JzXvtwfxGIaD4%2B5DxpRkh4oarBIjaMQiSj03ebHJCQEQt7cWtHCiicd%2BCLL0RcPZzZeciaZX%2Fll43sHmCtOSpqwoxKGeaJ0aA4ZNQQIPa%2F8tgWANnQQRBhHOegIRFG47cVUMn7VuPpTcTzOFlomA8K32A%2Bu97cZ25BECcT5jl1%2B0mTL6TY1l62gRAvWA8SPGVtcScBnJi0zS9onrUXYPkFXTIwaCsV1wLNLJNQ%3D%3D: ('Connection aborted.', ConnectionResetError(104, 'Connection reset by peer'))
2023-10-21 20:10:42,770 ERROR   wandb-upload_0:2137510 [internal_api.py:upload_file():2558] upload_file request headers: {'User-Agent': 'python-requests/2.31.0', 'Accept-Encoding': 'gzip, deflate, br', 'Accept': '*/*', 'Connection': 'keep-alive', 'Content-Length': '8979'}
2023-10-21 20:10:42,770 ERROR   wandb-upload_0:2137510 [internal_api.py:upload_file():2560] upload_file response body: 
2023-10-21 20:10:43,919 INFO    Thread-12 :2137510 [dir_watcher.py:_on_file_modified():288] file/dir modified: /home/xchen/code/Agri_program/Detic-main/wandb/run-20231021_201032-fpzmqt93/files/output.log
2023-10-21 20:10:44,537 DEBUG   HandlerThread:2137510 [handler.py:handle_request():146] handle_request: status_report
2023-10-21 20:10:45,187 ERROR   wandb-upload_0:2137510 [internal_api.py:upload_file():2556] upload_file exception https://storage.googleapis.com/wandb-production.appspot.com/29team/SamDetector/fpzmqt93/wandb-metadata.json?Expires=1697976641&GoogleAccessId=gorilla-files-url-signer-man%40wandb-production.iam.gserviceaccount.com&Signature=RO4tNvJhNEQEpqebT3%2FhmZ969fjWRYnxo1oLthZyi0Z6uzB3Ny5rPoH9rOs9zsy9gn7w2yWnWMFNeOAsYu9WIXrwSXVznesQyU4Rup7cTJrWgYW0JzXvtwfxGIaD4%2B5DxpRkh4oarBIjaMQiSj03ebHJCQEQt7cWtHCiicd%2BCLL0RcPZzZeciaZX%2Fll43sHmCtOSpqwoxKGeaJ0aA4ZNQQIPa%2F8tgWANnQQRBhHOegIRFG47cVUMn7VuPpTcTzOFlomA8K32A%2Bu97cZ25BECcT5jl1%2B0mTL6TY1l62gRAvWA8SPGVtcScBnJi0zS9onrUXYPkFXTIwaCsV1wLNLJNQ%3D%3D: ('Connection aborted.', ConnectionResetError(104, 'Connection reset by peer'))
2023-10-21 20:10:45,187 ERROR   wandb-upload_0:2137510 [internal_api.py:upload_file():2558] upload_file request headers: {'User-Agent': 'python-requests/2.31.0', 'Accept-Encoding': 'gzip, deflate, br', 'Accept': '*/*', 'Connection': 'keep-alive', 'Content-Length': '8979'}
2023-10-21 20:10:45,187 ERROR   wandb-upload_0:2137510 [internal_api.py:upload_file():2560] upload_file response body: 
2023-10-21 20:10:45,187 INFO    wandb-upload_0:2137510 [retry.py:__call__():172] Retry attempt failed:
Traceback (most recent call last):
  File "/home/xchen/anaconda3/envs/Agri/lib/python3.8/site-packages/urllib3/connectionpool.py", line 790, in urlopen
    response = self._make_request(
  File "/home/xchen/anaconda3/envs/Agri/lib/python3.8/site-packages/urllib3/connectionpool.py", line 491, in _make_request
    raise new_e
  File "/home/xchen/anaconda3/envs/Agri/lib/python3.8/site-packages/urllib3/connectionpool.py", line 467, in _make_request
    self._validate_conn(conn)
  File "/home/xchen/anaconda3/envs/Agri/lib/python3.8/site-packages/urllib3/connectionpool.py", line 1092, in _validate_conn
    conn.connect()
  File "/home/xchen/anaconda3/envs/Agri/lib/python3.8/site-packages/urllib3/connection.py", line 642, in connect
    sock_and_verified = _ssl_wrap_socket_and_match_hostname(
  File "/home/xchen/anaconda3/envs/Agri/lib/python3.8/site-packages/urllib3/connection.py", line 783, in _ssl_wrap_socket_and_match_hostname
    ssl_sock = ssl_wrap_socket(
  File "/home/xchen/anaconda3/envs/Agri/lib/python3.8/site-packages/urllib3/util/ssl_.py", line 469, in ssl_wrap_socket
    ssl_sock = _ssl_wrap_socket_impl(sock, context, tls_in_tls, server_hostname)
  File "/home/xchen/anaconda3/envs/Agri/lib/python3.8/site-packages/urllib3/util/ssl_.py", line 513, in _ssl_wrap_socket_impl
    return ssl_context.wrap_socket(sock, server_hostname=server_hostname)
  File "/home/xchen/anaconda3/envs/Agri/lib/python3.8/ssl.py", line 500, in wrap_socket
    return self.sslsocket_class._create(
  File "/home/xchen/anaconda3/envs/Agri/lib/python3.8/ssl.py", line 1073, in _create
    self.do_handshake()
  File "/home/xchen/anaconda3/envs/Agri/lib/python3.8/ssl.py", line 1342, in do_handshake
    self._sslobj.do_handshake()
ConnectionResetError: [Errno 104] Connection reset by peer

During handling of the above exception, another exception occurred:

Traceback (most recent call last):
  File "/home/xchen/anaconda3/envs/Agri/lib/python3.8/site-packages/requests/adapters.py", line 486, in send
    resp = conn.urlopen(
  File "/home/xchen/anaconda3/envs/Agri/lib/python3.8/site-packages/urllib3/connectionpool.py", line 844, in urlopen
    retries = retries.increment(
  File "/home/xchen/anaconda3/envs/Agri/lib/python3.8/site-packages/urllib3/util/retry.py", line 470, in increment
    raise reraise(type(error), error, _stacktrace)
  File "/home/xchen/anaconda3/envs/Agri/lib/python3.8/site-packages/urllib3/util/util.py", line 38, in reraise
    raise value.with_traceback(tb)
  File "/home/xchen/anaconda3/envs/Agri/lib/python3.8/site-packages/urllib3/connectionpool.py", line 790, in urlopen
    response = self._make_request(
  File "/home/xchen/anaconda3/envs/Agri/lib/python3.8/site-packages/urllib3/connectionpool.py", line 491, in _make_request
    raise new_e
  File "/home/xchen/anaconda3/envs/Agri/lib/python3.8/site-packages/urllib3/connectionpool.py", line 467, in _make_request
    self._validate_conn(conn)
  File "/home/xchen/anaconda3/envs/Agri/lib/python3.8/site-packages/urllib3/connectionpool.py", line 1092, in _validate_conn
    conn.connect()
  File "/home/xchen/anaconda3/envs/Agri/lib/python3.8/site-packages/urllib3/connection.py", line 642, in connect
    sock_and_verified = _ssl_wrap_socket_and_match_hostname(
  File "/home/xchen/anaconda3/envs/Agri/lib/python3.8/site-packages/urllib3/connection.py", line 783, in _ssl_wrap_socket_and_match_hostname
    ssl_sock = ssl_wrap_socket(
  File "/home/xchen/anaconda3/envs/Agri/lib/python3.8/site-packages/urllib3/util/ssl_.py", line 469, in ssl_wrap_socket
    ssl_sock = _ssl_wrap_socket_impl(sock, context, tls_in_tls, server_hostname)
  File "/home/xchen/anaconda3/envs/Agri/lib/python3.8/site-packages/urllib3/util/ssl_.py", line 513, in _ssl_wrap_socket_impl
    return ssl_context.wrap_socket(sock, server_hostname=server_hostname)
  File "/home/xchen/anaconda3/envs/Agri/lib/python3.8/ssl.py", line 500, in wrap_socket
    return self.sslsocket_class._create(
  File "/home/xchen/anaconda3/envs/Agri/lib/python3.8/ssl.py", line 1073, in _create
    self.do_handshake()
  File "/home/xchen/anaconda3/envs/Agri/lib/python3.8/ssl.py", line 1342, in do_handshake
    self._sslobj.do_handshake()
urllib3.exceptions.ProtocolError: ('Connection aborted.', ConnectionResetError(104, 'Connection reset by peer'))

During handling of the above exception, another exception occurred:

Traceback (most recent call last):
  File "/home/xchen/anaconda3/envs/Agri/lib/python3.8/site-packages/wandb/sdk/internal/internal_api.py", line 2549, in upload_file
    response = self._upload_file_session.put(
  File "/home/xchen/anaconda3/envs/Agri/lib/python3.8/site-packages/requests/sessions.py", line 649, in put
    return self.request("PUT", url, data=data, **kwargs)
  File "/home/xchen/anaconda3/envs/Agri/lib/python3.8/site-packages/requests/sessions.py", line 589, in request
    resp = self.send(prep, **send_kwargs)
  File "/home/xchen/anaconda3/envs/Agri/lib/python3.8/site-packages/requests/sessions.py", line 703, in send
    r = adapter.send(request, **kwargs)
  File "/home/xchen/anaconda3/envs/Agri/lib/python3.8/site-packages/requests/adapters.py", line 501, in send
    raise ConnectionError(err, request=request)
requests.exceptions.ConnectionError: ('Connection aborted.', ConnectionResetError(104, 'Connection reset by peer'))

During handling of the above exception, another exception occurred:

Traceback (most recent call last):
  File "/home/xchen/anaconda3/envs/Agri/lib/python3.8/site-packages/wandb/sdk/lib/retry.py", line 131, in __call__
    result = self._call_fn(*args, **kwargs)
  File "/home/xchen/anaconda3/envs/Agri/lib/python3.8/site-packages/wandb/sdk/internal/internal_api.py", line 2580, in upload_file
    raise _e.with_traceback(sys.exc_info()[2])
  File "/home/xchen/anaconda3/envs/Agri/lib/python3.8/site-packages/wandb/sdk/internal/internal_api.py", line 2549, in upload_file
    response = self._upload_file_session.put(
  File "/home/xchen/anaconda3/envs/Agri/lib/python3.8/site-packages/requests/sessions.py", line 649, in put
    return self.request("PUT", url, data=data, **kwargs)
  File "/home/xchen/anaconda3/envs/Agri/lib/python3.8/site-packages/requests/sessions.py", line 589, in request
    resp = self.send(prep, **send_kwargs)
  File "/home/xchen/anaconda3/envs/Agri/lib/python3.8/site-packages/requests/sessions.py", line 703, in send
    r = adapter.send(request, **kwargs)
  File "/home/xchen/anaconda3/envs/Agri/lib/python3.8/site-packages/requests/adapters.py", line 501, in send
    raise ConnectionError(err, request=request)
wandb.sdk.lib.retry.TransientError: None
2023-10-21 20:10:49,538 DEBUG   HandlerThread:2137510 [handler.py:handle_request():146] handle_request: status_report
2023-10-21 20:10:49,690 ERROR   wandb-upload_0:2137510 [internal_api.py:upload_file():2556] upload_file exception https://storage.googleapis.com/wandb-production.appspot.com/29team/SamDetector/fpzmqt93/wandb-metadata.json?Expires=1697976641&GoogleAccessId=gorilla-files-url-signer-man%40wandb-production.iam.gserviceaccount.com&Signature=RO4tNvJhNEQEpqebT3%2FhmZ969fjWRYnxo1oLthZyi0Z6uzB3Ny5rPoH9rOs9zsy9gn7w2yWnWMFNeOAsYu9WIXrwSXVznesQyU4Rup7cTJrWgYW0JzXvtwfxGIaD4%2B5DxpRkh4oarBIjaMQiSj03ebHJCQEQt7cWtHCiicd%2BCLL0RcPZzZeciaZX%2Fll43sHmCtOSpqwoxKGeaJ0aA4ZNQQIPa%2F8tgWANnQQRBhHOegIRFG47cVUMn7VuPpTcTzOFlomA8K32A%2Bu97cZ25BECcT5jl1%2B0mTL6TY1l62gRAvWA8SPGVtcScBnJi0zS9onrUXYPkFXTIwaCsV1wLNLJNQ%3D%3D: ('Connection aborted.', ConnectionResetError(104, 'Connection reset by peer'))
2023-10-21 20:10:49,690 ERROR   wandb-upload_0:2137510 [internal_api.py:upload_file():2558] upload_file request headers: {'User-Agent': 'python-requests/2.31.0', 'Accept-Encoding': 'gzip, deflate, br', 'Accept': '*/*', 'Connection': 'keep-alive', 'Content-Length': '8979'}
2023-10-21 20:10:49,690 ERROR   wandb-upload_0:2137510 [internal_api.py:upload_file():2560] upload_file response body: 
2023-10-21 20:10:54,539 DEBUG   HandlerThread:2137510 [handler.py:handle_request():146] handle_request: status_report
2023-10-21 20:10:55,965 DEBUG   HandlerThread:2137510 [handler.py:handle_request():146] handle_request: internal_messages
2023-10-21 20:10:56,001 DEBUG   HandlerThread:2137510 [handler.py:handle_request():146] handle_request: stop_status
2023-10-21 20:10:56,001 DEBUG   SenderThread:2137510 [sender.py:send_request():407] send_request: stop_status
2023-10-21 20:10:57,924 INFO    Thread-12 :2137510 [dir_watcher.py:_on_file_modified():288] file/dir modified: /home/xchen/code/Agri_program/Detic-main/wandb/run-20231021_201032-fpzmqt93/files/output.log
2023-10-21 20:10:59,323 ERROR   wandb-upload_0:2137510 [internal_api.py:upload_file():2556] upload_file exception https://storage.googleapis.com/wandb-production.appspot.com/29team/SamDetector/fpzmqt93/wandb-metadata.json?Expires=1697976641&GoogleAccessId=gorilla-files-url-signer-man%40wandb-production.iam.gserviceaccount.com&Signature=RO4tNvJhNEQEpqebT3%2FhmZ969fjWRYnxo1oLthZyi0Z6uzB3Ny5rPoH9rOs9zsy9gn7w2yWnWMFNeOAsYu9WIXrwSXVznesQyU4Rup7cTJrWgYW0JzXvtwfxGIaD4%2B5DxpRkh4oarBIjaMQiSj03ebHJCQEQt7cWtHCiicd%2BCLL0RcPZzZeciaZX%2Fll43sHmCtOSpqwoxKGeaJ0aA4ZNQQIPa%2F8tgWANnQQRBhHOegIRFG47cVUMn7VuPpTcTzOFlomA8K32A%2Bu97cZ25BECcT5jl1%2B0mTL6TY1l62gRAvWA8SPGVtcScBnJi0zS9onrUXYPkFXTIwaCsV1wLNLJNQ%3D%3D: ('Connection aborted.', ConnectionResetError(104, 'Connection reset by peer'))
2023-10-21 20:10:59,323 ERROR   wandb-upload_0:2137510 [internal_api.py:upload_file():2558] upload_file request headers: {'User-Agent': 'python-requests/2.31.0', 'Accept-Encoding': 'gzip, deflate, br', 'Accept': '*/*', 'Connection': 'keep-alive', 'Content-Length': '8979'}
2023-10-21 20:10:59,323 ERROR   wandb-upload_0:2137510 [internal_api.py:upload_file():2560] upload_file response body: 
2023-10-21 20:10:59,925 INFO    Thread-12 :2137510 [dir_watcher.py:_on_file_modified():288] file/dir modified: /home/xchen/code/Agri_program/Detic-main/wandb/run-20231021_201032-fpzmqt93/files/output.log
2023-10-21 20:11:00,097 DEBUG   HandlerThread:2137510 [handler.py:handle_request():146] handle_request: status_report
2023-10-21 20:11:05,927 INFO    Thread-12 :2137510 [dir_watcher.py:_on_file_modified():288] file/dir modified: /home/xchen/code/Agri_program/Detic-main/wandb/run-20231021_201032-fpzmqt93/files/output.log
2023-10-21 20:11:06,007 DEBUG   HandlerThread:2137510 [handler.py:handle_request():146] handle_request: status_report
2023-10-21 20:11:06,927 INFO    Thread-12 :2137510 [dir_watcher.py:_on_file_modified():288] file/dir modified: /home/xchen/code/Agri_program/Detic-main/wandb/run-20231021_201032-fpzmqt93/files/config.yaml
2023-10-21 20:11:09,929 INFO    Thread-12 :2137510 [dir_watcher.py:_on_file_modified():288] file/dir modified: /home/xchen/code/Agri_program/Detic-main/wandb/run-20231021_201032-fpzmqt93/files/output.log
2023-10-21 20:11:11,929 INFO    Thread-12 :2137510 [dir_watcher.py:_on_file_modified():288] file/dir modified: /home/xchen/code/Agri_program/Detic-main/wandb/run-20231021_201032-fpzmqt93/files/output.log
2023-10-21 20:11:12,039 DEBUG   HandlerThread:2137510 [handler.py:handle_request():146] handle_request: status_report
2023-10-21 20:11:12,040 DEBUG   HandlerThread:2137510 [handler.py:handle_request():146] handle_request: internal_messages
2023-10-21 20:11:12,528 DEBUG   HandlerThread:2137510 [handler.py:handle_request():146] handle_request: stop_status
2023-10-21 20:11:12,529 DEBUG   SenderThread:2137510 [sender.py:send_request():407] send_request: stop_status
2023-10-21 20:11:13,930 INFO    Thread-12 :2137510 [dir_watcher.py:_on_file_modified():288] file/dir modified: /home/xchen/code/Agri_program/Detic-main/wandb/run-20231021_201032-fpzmqt93/files/output.log
2023-10-21 20:11:16,689 ERROR   wandb-upload_0:2137510 [internal_api.py:upload_file():2556] upload_file exception https://storage.googleapis.com/wandb-production.appspot.com/29team/SamDetector/fpzmqt93/wandb-metadata.json?Expires=1697976641&GoogleAccessId=gorilla-files-url-signer-man%40wandb-production.iam.gserviceaccount.com&Signature=RO4tNvJhNEQEpqebT3%2FhmZ969fjWRYnxo1oLthZyi0Z6uzB3Ny5rPoH9rOs9zsy9gn7w2yWnWMFNeOAsYu9WIXrwSXVznesQyU4Rup7cTJrWgYW0JzXvtwfxGIaD4%2B5DxpRkh4oarBIjaMQiSj03ebHJCQEQt7cWtHCiicd%2BCLL0RcPZzZeciaZX%2Fll43sHmCtOSpqwoxKGeaJ0aA4ZNQQIPa%2F8tgWANnQQRBhHOegIRFG47cVUMn7VuPpTcTzOFlomA8K32A%2Bu97cZ25BECcT5jl1%2B0mTL6TY1l62gRAvWA8SPGVtcScBnJi0zS9onrUXYPkFXTIwaCsV1wLNLJNQ%3D%3D: ('Connection aborted.', ConnectionResetError(104, 'Connection reset by peer'))
2023-10-21 20:11:16,689 ERROR   wandb-upload_0:2137510 [internal_api.py:upload_file():2558] upload_file request headers: {'User-Agent': 'python-requests/2.31.0', 'Accept-Encoding': 'gzip, deflate, br', 'Accept': '*/*', 'Connection': 'keep-alive', 'Content-Length': '8979'}
2023-10-21 20:11:16,689 ERROR   wandb-upload_0:2137510 [internal_api.py:upload_file():2560] upload_file response body: 
2023-10-21 20:11:17,880 DEBUG   HandlerThread:2137510 [handler.py:handle_request():146] handle_request: status_report
2023-10-21 20:11:22,883 DEBUG   HandlerThread:2137510 [handler.py:handle_request():146] handle_request: status_report
2023-10-21 20:11:27,038 DEBUG   HandlerThread:2137510 [handler.py:handle_request():146] handle_request: stop_status
2023-10-21 20:11:27,039 DEBUG   SenderThread:2137510 [sender.py:send_request():407] send_request: stop_status
2023-10-21 20:11:27,040 DEBUG   HandlerThread:2137510 [handler.py:handle_request():146] handle_request: internal_messages
2023-10-21 20:11:28,318 DEBUG   HandlerThread:2137510 [handler.py:handle_request():146] handle_request: status_report
2023-10-21 20:11:33,319 DEBUG   HandlerThread:2137510 [handler.py:handle_request():146] handle_request: status_report
2023-10-21 20:11:38,320 DEBUG   HandlerThread:2137510 [handler.py:handle_request():146] handle_request: status_report
2023-10-21 20:11:38,969 DEBUG   SystemMonitor:2137510 [system_monitor.py:_start():172] Starting system metrics aggregation loop
2023-10-21 20:11:38,974 DEBUG   SenderThread:2137510 [sender.py:send():380] send: stats
2023-10-21 20:11:42,040 DEBUG   HandlerThread:2137510 [handler.py:handle_request():146] handle_request: stop_status
2023-10-21 20:11:42,041 DEBUG   HandlerThread:2137510 [handler.py:handle_request():146] handle_request: internal_messages
2023-10-21 20:11:42,041 DEBUG   SenderThread:2137510 [sender.py:send_request():407] send_request: stop_status
2023-10-21 20:11:43,397 DEBUG   HandlerThread:2137510 [handler.py:handle_request():146] handle_request: status_report
2023-10-21 20:11:46,942 INFO    Thread-12 :2137510 [dir_watcher.py:_on_file_modified():288] file/dir modified: /home/xchen/code/Agri_program/Detic-main/wandb/run-20231021_201032-fpzmqt93/files/output.log
2023-10-21 20:11:48,400 DEBUG   HandlerThread:2137510 [handler.py:handle_request():146] handle_request: status_report
2023-10-21 20:11:48,448 DEBUG   HandlerThread:2137510 [handler.py:handle_request():146] handle_request: partial_history
2023-10-21 20:11:48,451 DEBUG   SenderThread:2137510 [sender.py:send():380] send: history
2023-10-21 20:11:48,452 DEBUG   SenderThread:2137510 [sender.py:send_request():407] send_request: summary_record
2023-10-21 20:11:48,453 INFO    SenderThread:2137510 [sender.py:_save_file():1378] saving file wandb-summary.json with policy end
2023-10-21 20:11:48,943 INFO    Thread-12 :2137510 [dir_watcher.py:_on_file_created():271] file/dir created: /home/xchen/code/Agri_program/Detic-main/wandb/run-20231021_201032-fpzmqt93/files/wandb-summary.json
2023-10-21 20:11:49,943 INFO    Thread-12 :2137510 [dir_watcher.py:_on_file_modified():288] file/dir modified: /home/xchen/code/Agri_program/Detic-main/wandb/run-20231021_201032-fpzmqt93/files/output.log
2023-10-21 20:11:52,625 DEBUG   HandlerThread:2137510 [handler.py:handle_request():146] handle_request: partial_history
2023-10-21 20:11:52,627 DEBUG   SenderThread:2137510 [sender.py:send():380] send: history
2023-10-21 20:11:52,627 DEBUG   SenderThread:2137510 [sender.py:send_request():407] send_request: summary_record
2023-10-21 20:11:52,628 INFO    SenderThread:2137510 [sender.py:_save_file():1378] saving file wandb-summary.json with policy end
2023-10-21 20:11:52,945 INFO    Thread-12 :2137510 [dir_watcher.py:_on_file_modified():288] file/dir modified: /home/xchen/code/Agri_program/Detic-main/wandb/run-20231021_201032-fpzmqt93/files/wandb-summary.json
2023-10-21 20:11:53,629 DEBUG   HandlerThread:2137510 [handler.py:handle_request():146] handle_request: status_report
2023-10-21 20:11:53,945 INFO    Thread-12 :2137510 [dir_watcher.py:_on_file_modified():288] file/dir modified: /home/xchen/code/Agri_program/Detic-main/wandb/run-20231021_201032-fpzmqt93/files/output.log
2023-10-21 20:11:55,139 ERROR   wandb-upload_0:2137510 [internal_api.py:upload_file():2556] upload_file exception https://storage.googleapis.com/wandb-production.appspot.com/29team/SamDetector/fpzmqt93/wandb-metadata.json?Expires=1697976641&GoogleAccessId=gorilla-files-url-signer-man%40wandb-production.iam.gserviceaccount.com&Signature=RO4tNvJhNEQEpqebT3%2FhmZ969fjWRYnxo1oLthZyi0Z6uzB3Ny5rPoH9rOs9zsy9gn7w2yWnWMFNeOAsYu9WIXrwSXVznesQyU4Rup7cTJrWgYW0JzXvtwfxGIaD4%2B5DxpRkh4oarBIjaMQiSj03ebHJCQEQt7cWtHCiicd%2BCLL0RcPZzZeciaZX%2Fll43sHmCtOSpqwoxKGeaJ0aA4ZNQQIPa%2F8tgWANnQQRBhHOegIRFG47cVUMn7VuPpTcTzOFlomA8K32A%2Bu97cZ25BECcT5jl1%2B0mTL6TY1l62gRAvWA8SPGVtcScBnJi0zS9onrUXYPkFXTIwaCsV1wLNLJNQ%3D%3D: ('Connection aborted.', ConnectionResetError(104, 'Connection reset by peer'))
2023-10-21 20:11:55,139 ERROR   wandb-upload_0:2137510 [internal_api.py:upload_file():2558] upload_file request headers: {'User-Agent': 'python-requests/2.31.0', 'Accept-Encoding': 'gzip, deflate, br', 'Accept': '*/*', 'Connection': 'keep-alive', 'Content-Length': '8979'}
2023-10-21 20:11:55,139 ERROR   wandb-upload_0:2137510 [internal_api.py:upload_file():2560] upload_file response body: 
2023-10-21 20:11:57,040 DEBUG   HandlerThread:2137510 [handler.py:handle_request():146] handle_request: stop_status
2023-10-21 20:11:57,041 DEBUG   SenderThread:2137510 [sender.py:send_request():407] send_request: stop_status
2023-10-21 20:11:57,041 DEBUG   HandlerThread:2137510 [handler.py:handle_request():146] handle_request: internal_messages
2023-10-21 20:11:57,528 DEBUG   HandlerThread:2137510 [handler.py:handle_request():146] handle_request: partial_history
2023-10-21 20:11:57,529 DEBUG   SenderThread:2137510 [sender.py:send():380] send: history
2023-10-21 20:11:57,529 DEBUG   SenderThread:2137510 [sender.py:send_request():407] send_request: summary_record
2023-10-21 20:11:57,530 INFO    SenderThread:2137510 [sender.py:_save_file():1378] saving file wandb-summary.json with policy end
2023-10-21 20:11:57,947 INFO    Thread-12 :2137510 [dir_watcher.py:_on_file_modified():288] file/dir modified: /home/xchen/code/Agri_program/Detic-main/wandb/run-20231021_201032-fpzmqt93/files/wandb-summary.json
2023-10-21 20:11:59,531 DEBUG   HandlerThread:2137510 [handler.py:handle_request():146] handle_request: status_report
2023-10-21 20:11:59,948 INFO    Thread-12 :2137510 [dir_watcher.py:_on_file_modified():288] file/dir modified: /home/xchen/code/Agri_program/Detic-main/wandb/run-20231021_201032-fpzmqt93/files/output.log
2023-10-21 20:12:02,232 DEBUG   HandlerThread:2137510 [handler.py:handle_request():146] handle_request: partial_history
2023-10-21 20:12:02,233 DEBUG   SenderThread:2137510 [sender.py:send():380] send: history
2023-10-21 20:12:02,233 DEBUG   SenderThread:2137510 [sender.py:send_request():407] send_request: summary_record
2023-10-21 20:12:02,234 INFO    SenderThread:2137510 [sender.py:_save_file():1378] saving file wandb-summary.json with policy end
2023-10-21 20:12:02,949 INFO    Thread-12 :2137510 [dir_watcher.py:_on_file_modified():288] file/dir modified: /home/xchen/code/Agri_program/Detic-main/wandb/run-20231021_201032-fpzmqt93/files/wandb-summary.json
2023-10-21 20:12:03,949 INFO    Thread-12 :2137510 [dir_watcher.py:_on_file_modified():288] file/dir modified: /home/xchen/code/Agri_program/Detic-main/wandb/run-20231021_201032-fpzmqt93/files/output.log
2023-10-21 20:12:05,235 DEBUG   HandlerThread:2137510 [handler.py:handle_request():146] handle_request: status_report
2023-10-21 20:12:07,237 DEBUG   HandlerThread:2137510 [handler.py:handle_request():146] handle_request: partial_history
2023-10-21 20:12:07,238 DEBUG   SenderThread:2137510 [sender.py:send():380] send: history
2023-10-21 20:12:07,239 DEBUG   SenderThread:2137510 [sender.py:send_request():407] send_request: summary_record
2023-10-21 20:12:07,240 INFO    SenderThread:2137510 [sender.py:_save_file():1378] saving file wandb-summary.json with policy end
2023-10-21 20:12:07,951 INFO    Thread-12 :2137510 [dir_watcher.py:_on_file_modified():288] file/dir modified: /home/xchen/code/Agri_program/Detic-main/wandb/run-20231021_201032-fpzmqt93/files/wandb-summary.json
2023-10-21 20:12:08,977 DEBUG   SenderThread:2137510 [sender.py:send():380] send: stats
2023-10-21 20:12:09,952 INFO    Thread-12 :2137510 [dir_watcher.py:_on_file_modified():288] file/dir modified: /home/xchen/code/Agri_program/Detic-main/wandb/run-20231021_201032-fpzmqt93/files/output.log
2023-10-21 20:12:10,979 DEBUG   HandlerThread:2137510 [handler.py:handle_request():146] handle_request: status_report
2023-10-21 20:12:12,006 DEBUG   HandlerThread:2137510 [handler.py:handle_request():146] handle_request: partial_history
2023-10-21 20:12:12,008 DEBUG   SenderThread:2137510 [sender.py:send():380] send: history
2023-10-21 20:12:12,008 DEBUG   SenderThread:2137510 [sender.py:send_request():407] send_request: summary_record
2023-10-21 20:12:12,009 INFO    SenderThread:2137510 [sender.py:_save_file():1378] saving file wandb-summary.json with policy end
2023-10-21 20:12:12,038 DEBUG   HandlerThread:2137510 [handler.py:handle_request():146] handle_request: stop_status
2023-10-21 20:12:12,039 DEBUG   SenderThread:2137510 [sender.py:send_request():407] send_request: stop_status
2023-10-21 20:12:12,041 DEBUG   HandlerThread:2137510 [handler.py:handle_request():146] handle_request: internal_messages
2023-10-21 20:12:12,953 INFO    Thread-12 :2137510 [dir_watcher.py:_on_file_modified():288] file/dir modified: /home/xchen/code/Agri_program/Detic-main/wandb/run-20231021_201032-fpzmqt93/files/wandb-summary.json
2023-10-21 20:12:13,953 INFO    Thread-12 :2137510 [dir_watcher.py:_on_file_modified():288] file/dir modified: /home/xchen/code/Agri_program/Detic-main/wandb/run-20231021_201032-fpzmqt93/files/output.log
2023-10-21 20:12:16,315 DEBUG   HandlerThread:2137510 [handler.py:handle_request():146] handle_request: status_report
2023-10-21 20:12:17,056 DEBUG   HandlerThread:2137510 [handler.py:handle_request():146] handle_request: partial_history
2023-10-21 20:12:17,057 DEBUG   SenderThread:2137510 [sender.py:send():380] send: history
2023-10-21 20:12:17,058 DEBUG   SenderThread:2137510 [sender.py:send_request():407] send_request: summary_record
2023-10-21 20:12:17,058 INFO    SenderThread:2137510 [sender.py:_save_file():1378] saving file wandb-summary.json with policy end
2023-10-21 20:12:17,955 INFO    Thread-12 :2137510 [dir_watcher.py:_on_file_modified():288] file/dir modified: /home/xchen/code/Agri_program/Detic-main/wandb/run-20231021_201032-fpzmqt93/files/wandb-summary.json
2023-10-21 20:12:17,955 INFO    Thread-12 :2137510 [dir_watcher.py:_on_file_modified():288] file/dir modified: /home/xchen/code/Agri_program/Detic-main/wandb/run-20231021_201032-fpzmqt93/files/output.log
2023-10-21 20:12:22,060 DEBUG   HandlerThread:2137510 [handler.py:handle_request():146] handle_request: status_report
2023-10-21 20:12:22,240 DEBUG   HandlerThread:2137510 [handler.py:handle_request():146] handle_request: partial_history
2023-10-21 20:12:22,242 DEBUG   SenderThread:2137510 [sender.py:send():380] send: history
2023-10-21 20:12:22,242 DEBUG   SenderThread:2137510 [sender.py:send_request():407] send_request: summary_record
2023-10-21 20:12:22,245 INFO    SenderThread:2137510 [sender.py:_save_file():1378] saving file wandb-summary.json with policy end
2023-10-21 20:12:22,957 INFO    Thread-12 :2137510 [dir_watcher.py:_on_file_modified():288] file/dir modified: /home/xchen/code/Agri_program/Detic-main/wandb/run-20231021_201032-fpzmqt93/files/wandb-summary.json
2023-10-21 20:12:23,957 INFO    Thread-12 :2137510 [dir_watcher.py:_on_file_modified():288] file/dir modified: /home/xchen/code/Agri_program/Detic-main/wandb/run-20231021_201032-fpzmqt93/files/output.log
2023-10-21 20:12:26,468 DEBUG   HandlerThread:2137510 [handler.py:handle_request():146] handle_request: partial_history
2023-10-21 20:12:26,470 DEBUG   SenderThread:2137510 [sender.py:send():380] send: history
2023-10-21 20:12:26,471 DEBUG   SenderThread:2137510 [sender.py:send_request():407] send_request: summary_record
2023-10-21 20:12:26,471 INFO    SenderThread:2137510 [sender.py:_save_file():1378] saving file wandb-summary.json with policy end
2023-10-21 20:12:26,958 INFO    Thread-12 :2137510 [dir_watcher.py:_on_file_modified():288] file/dir modified: /home/xchen/code/Agri_program/Detic-main/wandb/run-20231021_201032-fpzmqt93/files/wandb-summary.json
2023-10-21 20:12:27,039 DEBUG   HandlerThread:2137510 [handler.py:handle_request():146] handle_request: stop_status
2023-10-21 20:12:27,039 DEBUG   SenderThread:2137510 [sender.py:send_request():407] send_request: stop_status
2023-10-21 20:12:27,044 DEBUG   HandlerThread:2137510 [handler.py:handle_request():146] handle_request: internal_messages
2023-10-21 20:12:27,372 DEBUG   HandlerThread:2137510 [handler.py:handle_request():146] handle_request: status_report
2023-10-21 20:12:27,959 INFO    Thread-12 :2137510 [dir_watcher.py:_on_file_modified():288] file/dir modified: /home/xchen/code/Agri_program/Detic-main/wandb/run-20231021_201032-fpzmqt93/files/output.log
2023-10-21 20:12:31,252 DEBUG   HandlerThread:2137510 [handler.py:handle_request():146] handle_request: partial_history
2023-10-21 20:12:31,253 DEBUG   SenderThread:2137510 [sender.py:send():380] send: history
2023-10-21 20:12:31,254 DEBUG   SenderThread:2137510 [sender.py:send_request():407] send_request: summary_record
2023-10-21 20:12:31,254 INFO    SenderThread:2137510 [sender.py:_save_file():1378] saving file wandb-summary.json with policy end
2023-10-21 20:12:31,960 INFO    Thread-12 :2137510 [dir_watcher.py:_on_file_modified():288] file/dir modified: /home/xchen/code/Agri_program/Detic-main/wandb/run-20231021_201032-fpzmqt93/files/wandb-summary.json
2023-10-21 20:12:31,961 INFO    Thread-12 :2137510 [dir_watcher.py:_on_file_modified():288] file/dir modified: /home/xchen/code/Agri_program/Detic-main/wandb/run-20231021_201032-fpzmqt93/files/output.log
2023-10-21 20:12:33,255 DEBUG   HandlerThread:2137510 [handler.py:handle_request():146] handle_request: status_report
2023-10-21 20:12:35,576 DEBUG   HandlerThread:2137510 [handler.py:handle_request():146] handle_request: partial_history
2023-10-21 20:12:35,578 DEBUG   SenderThread:2137510 [sender.py:send():380] send: history
2023-10-21 20:12:35,578 DEBUG   SenderThread:2137510 [sender.py:send_request():407] send_request: summary_record
2023-10-21 20:12:35,582 INFO    SenderThread:2137510 [sender.py:_save_file():1378] saving file wandb-summary.json with policy end
2023-10-21 20:12:35,962 INFO    Thread-12 :2137510 [dir_watcher.py:_on_file_modified():288] file/dir modified: /home/xchen/code/Agri_program/Detic-main/wandb/run-20231021_201032-fpzmqt93/files/wandb-summary.json
2023-10-21 20:12:35,962 INFO    Thread-12 :2137510 [dir_watcher.py:_on_file_modified():288] file/dir modified: /home/xchen/code/Agri_program/Detic-main/wandb/run-20231021_201032-fpzmqt93/files/output.log
2023-10-21 20:12:38,583 DEBUG   HandlerThread:2137510 [handler.py:handle_request():146] handle_request: status_report
2023-10-21 20:12:38,980 DEBUG   SenderThread:2137510 [sender.py:send():380] send: stats
2023-10-21 20:12:39,999 DEBUG   HandlerThread:2137510 [handler.py:handle_request():146] handle_request: partial_history
2023-10-21 20:12:40,001 DEBUG   SenderThread:2137510 [sender.py:send():380] send: history
2023-10-21 20:12:40,002 DEBUG   SenderThread:2137510 [sender.py:send_request():407] send_request: summary_record
2023-10-21 20:12:40,002 INFO    SenderThread:2137510 [sender.py:_save_file():1378] saving file wandb-summary.json with policy end
2023-10-21 20:12:40,964 INFO    Thread-12 :2137510 [dir_watcher.py:_on_file_modified():288] file/dir modified: /home/xchen/code/Agri_program/Detic-main/wandb/run-20231021_201032-fpzmqt93/files/wandb-summary.json
2023-10-21 20:12:41,964 INFO    Thread-12 :2137510 [dir_watcher.py:_on_file_modified():288] file/dir modified: /home/xchen/code/Agri_program/Detic-main/wandb/run-20231021_201032-fpzmqt93/files/output.log
2023-10-21 20:12:42,039 DEBUG   HandlerThread:2137510 [handler.py:handle_request():146] handle_request: stop_status
2023-10-21 20:12:42,039 DEBUG   SenderThread:2137510 [sender.py:send_request():407] send_request: stop_status
2023-10-21 20:12:42,042 DEBUG   HandlerThread:2137510 [handler.py:handle_request():146] handle_request: internal_messages
2023-10-21 20:12:44,310 DEBUG   HandlerThread:2137510 [handler.py:handle_request():146] handle_request: status_report
2023-10-21 20:12:44,964 DEBUG   HandlerThread:2137510 [handler.py:handle_request():146] handle_request: partial_history
2023-10-21 20:12:44,966 DEBUG   SenderThread:2137510 [sender.py:send():380] send: history
2023-10-21 20:12:44,966 DEBUG   SenderThread:2137510 [sender.py:send_request():407] send_request: summary_record
2023-10-21 20:12:44,967 INFO    SenderThread:2137510 [sender.py:_save_file():1378] saving file wandb-summary.json with policy end
2023-10-21 20:12:44,969 INFO    Thread-12 :2137510 [dir_watcher.py:_on_file_modified():288] file/dir modified: /home/xchen/code/Agri_program/Detic-main/wandb/run-20231021_201032-fpzmqt93/files/wandb-summary.json
2023-10-21 20:12:45,969 INFO    Thread-12 :2137510 [dir_watcher.py:_on_file_modified():288] file/dir modified: /home/xchen/code/Agri_program/Detic-main/wandb/run-20231021_201032-fpzmqt93/files/output.log
2023-10-21 20:12:49,969 DEBUG   HandlerThread:2137510 [handler.py:handle_request():146] handle_request: status_report
2023-10-21 20:12:50,005 DEBUG   HandlerThread:2137510 [handler.py:handle_request():146] handle_request: partial_history
2023-10-21 20:12:50,006 DEBUG   SenderThread:2137510 [sender.py:send():380] send: history
2023-10-21 20:12:50,007 DEBUG   SenderThread:2137510 [sender.py:send_request():407] send_request: summary_record
2023-10-21 20:12:50,008 INFO    SenderThread:2137510 [sender.py:_save_file():1378] saving file wandb-summary.json with policy end
2023-10-21 20:12:50,971 INFO    Thread-12 :2137510 [dir_watcher.py:_on_file_modified():288] file/dir modified: /home/xchen/code/Agri_program/Detic-main/wandb/run-20231021_201032-fpzmqt93/files/wandb-summary.json
2023-10-21 20:12:51,972 INFO    Thread-12 :2137510 [dir_watcher.py:_on_file_modified():288] file/dir modified: /home/xchen/code/Agri_program/Detic-main/wandb/run-20231021_201032-fpzmqt93/files/output.log
2023-10-21 20:12:55,009 DEBUG   HandlerThread:2137510 [handler.py:handle_request():146] handle_request: status_report
2023-10-21 20:12:55,133 DEBUG   HandlerThread:2137510 [handler.py:handle_request():146] handle_request: partial_history
2023-10-21 20:12:55,135 DEBUG   SenderThread:2137510 [sender.py:send():380] send: history
2023-10-21 20:12:55,135 DEBUG   SenderThread:2137510 [sender.py:send_request():407] send_request: summary_record
2023-10-21 20:12:55,136 INFO    SenderThread:2137510 [sender.py:_save_file():1378] saving file wandb-summary.json with policy end
2023-10-21 20:12:55,974 INFO    Thread-12 :2137510 [dir_watcher.py:_on_file_modified():288] file/dir modified: /home/xchen/code/Agri_program/Detic-main/wandb/run-20231021_201032-fpzmqt93/files/wandb-summary.json
2023-10-21 20:12:55,974 INFO    Thread-12 :2137510 [dir_watcher.py:_on_file_modified():288] file/dir modified: /home/xchen/code/Agri_program/Detic-main/wandb/run-20231021_201032-fpzmqt93/files/output.log
2023-10-21 20:12:57,039 DEBUG   HandlerThread:2137510 [handler.py:handle_request():146] handle_request: stop_status
2023-10-21 20:12:57,040 DEBUG   HandlerThread:2137510 [handler.py:handle_request():146] handle_request: internal_messages
2023-10-21 20:12:57,040 DEBUG   SenderThread:2137510 [sender.py:send_request():407] send_request: stop_status
2023-10-21 20:13:00,383 DEBUG   HandlerThread:2137510 [handler.py:handle_request():146] handle_request: status_report
2023-10-21 20:13:01,044 DEBUG   HandlerThread:2137510 [handler.py:handle_request():146] handle_request: partial_history
2023-10-21 20:13:01,045 DEBUG   SenderThread:2137510 [sender.py:send():380] send: history
2023-10-21 20:13:01,046 DEBUG   SenderThread:2137510 [sender.py:send_request():407] send_request: summary_record
2023-10-21 20:13:01,047 INFO    SenderThread:2137510 [sender.py:_save_file():1378] saving file wandb-summary.json with policy end
2023-10-21 20:13:01,976 INFO    Thread-12 :2137510 [dir_watcher.py:_on_file_modified():288] file/dir modified: /home/xchen/code/Agri_program/Detic-main/wandb/run-20231021_201032-fpzmqt93/files/wandb-summary.json
2023-10-21 20:13:01,977 INFO    Thread-12 :2137510 [dir_watcher.py:_on_file_modified():288] file/dir modified: /home/xchen/code/Agri_program/Detic-main/wandb/run-20231021_201032-fpzmqt93/files/output.log
2023-10-21 20:13:06,048 DEBUG   HandlerThread:2137510 [handler.py:handle_request():146] handle_request: status_report
2023-10-21 20:13:06,903 DEBUG   HandlerThread:2137510 [handler.py:handle_request():146] handle_request: partial_history
2023-10-21 20:13:06,905 DEBUG   SenderThread:2137510 [sender.py:send():380] send: history
2023-10-21 20:13:06,905 DEBUG   SenderThread:2137510 [sender.py:send_request():407] send_request: summary_record
2023-10-21 20:13:06,909 INFO    SenderThread:2137510 [sender.py:_save_file():1378] saving file wandb-summary.json with policy end
2023-10-21 20:13:06,978 INFO    Thread-12 :2137510 [dir_watcher.py:_on_file_modified():288] file/dir modified: /home/xchen/code/Agri_program/Detic-main/wandb/run-20231021_201032-fpzmqt93/files/wandb-summary.json
2023-10-21 20:13:07,978 INFO    Thread-12 :2137510 [dir_watcher.py:_on_file_modified():288] file/dir modified: /home/xchen/code/Agri_program/Detic-main/wandb/run-20231021_201032-fpzmqt93/files/output.log
2023-10-21 20:13:08,984 DEBUG   SenderThread:2137510 [sender.py:send():380] send: stats
2023-10-21 20:13:11,986 DEBUG   HandlerThread:2137510 [handler.py:handle_request():146] handle_request: status_report
2023-10-21 20:13:12,042 DEBUG   HandlerThread:2137510 [handler.py:handle_request():146] handle_request: internal_messages
2023-10-21 20:13:12,042 DEBUG   HandlerThread:2137510 [handler.py:handle_request():146] handle_request: stop_status
2023-10-21 20:13:12,043 DEBUG   SenderThread:2137510 [sender.py:send_request():407] send_request: stop_status
2023-10-21 20:13:12,744 DEBUG   HandlerThread:2137510 [handler.py:handle_request():146] handle_request: partial_history
2023-10-21 20:13:12,745 DEBUG   SenderThread:2137510 [sender.py:send():380] send: history
2023-10-21 20:13:12,746 DEBUG   SenderThread:2137510 [sender.py:send_request():407] send_request: summary_record
2023-10-21 20:13:12,746 INFO    SenderThread:2137510 [sender.py:_save_file():1378] saving file wandb-summary.json with policy end
2023-10-21 20:13:12,981 INFO    Thread-12 :2137510 [dir_watcher.py:_on_file_modified():288] file/dir modified: /home/xchen/code/Agri_program/Detic-main/wandb/run-20231021_201032-fpzmqt93/files/wandb-summary.json
2023-10-21 20:13:13,981 INFO    Thread-12 :2137510 [dir_watcher.py:_on_file_modified():288] file/dir modified: /home/xchen/code/Agri_program/Detic-main/wandb/run-20231021_201032-fpzmqt93/files/output.log
2023-10-21 20:13:14,248 ERROR   wandb-upload_0:2137510 [internal_api.py:upload_file():2556] upload_file exception https://storage.googleapis.com/wandb-production.appspot.com/29team/SamDetector/fpzmqt93/wandb-metadata.json?Expires=1697976641&GoogleAccessId=gorilla-files-url-signer-man%40wandb-production.iam.gserviceaccount.com&Signature=RO4tNvJhNEQEpqebT3%2FhmZ969fjWRYnxo1oLthZyi0Z6uzB3Ny5rPoH9rOs9zsy9gn7w2yWnWMFNeOAsYu9WIXrwSXVznesQyU4Rup7cTJrWgYW0JzXvtwfxGIaD4%2B5DxpRkh4oarBIjaMQiSj03ebHJCQEQt7cWtHCiicd%2BCLL0RcPZzZeciaZX%2Fll43sHmCtOSpqwoxKGeaJ0aA4ZNQQIPa%2F8tgWANnQQRBhHOegIRFG47cVUMn7VuPpTcTzOFlomA8K32A%2Bu97cZ25BECcT5jl1%2B0mTL6TY1l62gRAvWA8SPGVtcScBnJi0zS9onrUXYPkFXTIwaCsV1wLNLJNQ%3D%3D: ('Connection aborted.', ConnectionResetError(104, 'Connection reset by peer'))
2023-10-21 20:13:14,249 ERROR   wandb-upload_0:2137510 [internal_api.py:upload_file():2558] upload_file request headers: {'User-Agent': 'python-requests/2.31.0', 'Accept-Encoding': 'gzip, deflate, br', 'Accept': '*/*', 'Connection': 'keep-alive', 'Content-Length': '8979'}
2023-10-21 20:13:14,249 ERROR   wandb-upload_0:2137510 [internal_api.py:upload_file():2560] upload_file response body: 
2023-10-21 20:13:17,748 DEBUG   HandlerThread:2137510 [handler.py:handle_request():146] handle_request: status_report
2023-10-21 20:13:18,226 DEBUG   HandlerThread:2137510 [handler.py:handle_request():146] handle_request: partial_history
2023-10-21 20:13:18,227 DEBUG   SenderThread:2137510 [sender.py:send():380] send: history
2023-10-21 20:13:18,227 DEBUG   SenderThread:2137510 [sender.py:send_request():407] send_request: summary_record
2023-10-21 20:13:18,231 INFO    SenderThread:2137510 [sender.py:_save_file():1378] saving file wandb-summary.json with policy end
2023-10-21 20:13:18,983 INFO    Thread-12 :2137510 [dir_watcher.py:_on_file_modified():288] file/dir modified: /home/xchen/code/Agri_program/Detic-main/wandb/run-20231021_201032-fpzmqt93/files/wandb-summary.json
2023-10-21 20:13:19,984 INFO    Thread-12 :2137510 [dir_watcher.py:_on_file_modified():288] file/dir modified: /home/xchen/code/Agri_program/Detic-main/wandb/run-20231021_201032-fpzmqt93/files/output.log
2023-10-21 20:13:23,232 DEBUG   HandlerThread:2137510 [handler.py:handle_request():146] handle_request: status_report
2023-10-21 20:13:23,837 DEBUG   HandlerThread:2137510 [handler.py:handle_request():146] handle_request: partial_history
2023-10-21 20:13:23,839 DEBUG   SenderThread:2137510 [sender.py:send():380] send: history
2023-10-21 20:13:23,840 DEBUG   SenderThread:2137510 [sender.py:send_request():407] send_request: summary_record
2023-10-21 20:13:23,840 INFO    SenderThread:2137510 [sender.py:_save_file():1378] saving file wandb-summary.json with policy end
2023-10-21 20:13:23,985 INFO    Thread-12 :2137510 [dir_watcher.py:_on_file_modified():288] file/dir modified: /home/xchen/code/Agri_program/Detic-main/wandb/run-20231021_201032-fpzmqt93/files/wandb-summary.json
2023-10-21 20:13:25,986 INFO    Thread-12 :2137510 [dir_watcher.py:_on_file_modified():288] file/dir modified: /home/xchen/code/Agri_program/Detic-main/wandb/run-20231021_201032-fpzmqt93/files/output.log
2023-10-21 20:13:27,043 DEBUG   HandlerThread:2137510 [handler.py:handle_request():146] handle_request: internal_messages
2023-10-21 20:13:27,043 DEBUG   HandlerThread:2137510 [handler.py:handle_request():146] handle_request: stop_status
2023-10-21 20:13:27,046 DEBUG   SenderThread:2137510 [sender.py:send_request():407] send_request: stop_status
2023-10-21 20:13:28,320 DEBUG   HandlerThread:2137510 [handler.py:handle_request():146] handle_request: status_report
2023-10-21 20:13:29,532 DEBUG   HandlerThread:2137510 [handler.py:handle_request():146] handle_request: partial_history
2023-10-21 20:13:29,533 DEBUG   SenderThread:2137510 [sender.py:send():380] send: history
2023-10-21 20:13:29,534 DEBUG   SenderThread:2137510 [sender.py:send_request():407] send_request: summary_record
2023-10-21 20:13:29,537 INFO    SenderThread:2137510 [sender.py:_save_file():1378] saving file wandb-summary.json with policy end
2023-10-21 20:13:29,988 INFO    Thread-12 :2137510 [dir_watcher.py:_on_file_modified():288] file/dir modified: /home/xchen/code/Agri_program/Detic-main/wandb/run-20231021_201032-fpzmqt93/files/wandb-summary.json
2023-10-21 20:13:29,989 INFO    Thread-12 :2137510 [dir_watcher.py:_on_file_modified():288] file/dir modified: /home/xchen/code/Agri_program/Detic-main/wandb/run-20231021_201032-fpzmqt93/files/output.log
2023-10-21 20:13:33,539 DEBUG   HandlerThread:2137510 [handler.py:handle_request():146] handle_request: status_report
2023-10-21 20:13:35,366 DEBUG   HandlerThread:2137510 [handler.py:handle_request():146] handle_request: partial_history
2023-10-21 20:13:35,368 DEBUG   SenderThread:2137510 [sender.py:send():380] send: history
2023-10-21 20:13:35,368 DEBUG   SenderThread:2137510 [sender.py:send_request():407] send_request: summary_record
2023-10-21 20:13:35,369 INFO    SenderThread:2137510 [sender.py:_save_file():1378] saving file wandb-summary.json with policy end
2023-10-21 20:13:35,991 INFO    Thread-12 :2137510 [dir_watcher.py:_on_file_modified():288] file/dir modified: /home/xchen/code/Agri_program/Detic-main/wandb/run-20231021_201032-fpzmqt93/files/wandb-summary.json
2023-10-21 20:13:35,991 INFO    Thread-12 :2137510 [dir_watcher.py:_on_file_modified():288] file/dir modified: /home/xchen/code/Agri_program/Detic-main/wandb/run-20231021_201032-fpzmqt93/files/output.log
2023-10-21 20:13:38,987 DEBUG   SenderThread:2137510 [sender.py:send():380] send: stats
2023-10-21 20:13:38,989 DEBUG   HandlerThread:2137510 [handler.py:handle_request():146] handle_request: status_report
2023-10-21 20:13:41,443 DEBUG   HandlerThread:2137510 [handler.py:handle_request():146] handle_request: partial_history
2023-10-21 20:13:41,444 DEBUG   SenderThread:2137510 [sender.py:send():380] send: history
2023-10-21 20:13:41,445 DEBUG   SenderThread:2137510 [sender.py:send_request():407] send_request: summary_record
2023-10-21 20:13:41,448 INFO    SenderThread:2137510 [sender.py:_save_file():1378] saving file wandb-summary.json with policy end
2023-10-21 20:13:41,994 INFO    Thread-12 :2137510 [dir_watcher.py:_on_file_modified():288] file/dir modified: /home/xchen/code/Agri_program/Detic-main/wandb/run-20231021_201032-fpzmqt93/files/wandb-summary.json
2023-10-21 20:13:41,994 INFO    Thread-12 :2137510 [dir_watcher.py:_on_file_modified():288] file/dir modified: /home/xchen/code/Agri_program/Detic-main/wandb/run-20231021_201032-fpzmqt93/files/output.log
2023-10-21 20:13:42,041 DEBUG   HandlerThread:2137510 [handler.py:handle_request():146] handle_request: stop_status
2023-10-21 20:13:42,041 DEBUG   HandlerThread:2137510 [handler.py:handle_request():146] handle_request: internal_messages
2023-10-21 20:13:42,042 DEBUG   SenderThread:2137510 [sender.py:send_request():407] send_request: stop_status
2023-10-21 20:13:44,396 DEBUG   HandlerThread:2137510 [handler.py:handle_request():146] handle_request: status_report
2023-10-21 20:13:47,500 DEBUG   HandlerThread:2137510 [handler.py:handle_request():146] handle_request: partial_history
2023-10-21 20:13:47,501 DEBUG   SenderThread:2137510 [sender.py:send():380] send: history
2023-10-21 20:13:47,502 DEBUG   SenderThread:2137510 [sender.py:send_request():407] send_request: summary_record
2023-10-21 20:13:47,502 INFO    SenderThread:2137510 [sender.py:_save_file():1378] saving file wandb-summary.json with policy end
2023-10-21 20:13:47,996 INFO    Thread-12 :2137510 [dir_watcher.py:_on_file_modified():288] file/dir modified: /home/xchen/code/Agri_program/Detic-main/wandb/run-20231021_201032-fpzmqt93/files/wandb-summary.json
2023-10-21 20:13:47,997 INFO    Thread-12 :2137510 [dir_watcher.py:_on_file_modified():288] file/dir modified: /home/xchen/code/Agri_program/Detic-main/wandb/run-20231021_201032-fpzmqt93/files/output.log
2023-10-21 20:13:49,503 DEBUG   HandlerThread:2137510 [handler.py:handle_request():146] handle_request: status_report
2023-10-21 20:13:53,054 DEBUG   HandlerThread:2137510 [handler.py:handle_request():146] handle_request: partial_history
2023-10-21 20:13:53,056 DEBUG   SenderThread:2137510 [sender.py:send():380] send: history
2023-10-21 20:13:53,056 DEBUG   SenderThread:2137510 [sender.py:send_request():407] send_request: summary_record
2023-10-21 20:13:53,060 INFO    SenderThread:2137510 [sender.py:_save_file():1378] saving file wandb-summary.json with policy end
2023-10-21 20:13:53,998 INFO    Thread-12 :2137510 [dir_watcher.py:_on_file_modified():288] file/dir modified: /home/xchen/code/Agri_program/Detic-main/wandb/run-20231021_201032-fpzmqt93/files/wandb-summary.json
2023-10-21 20:13:53,999 INFO    Thread-12 :2137510 [dir_watcher.py:_on_file_modified():288] file/dir modified: /home/xchen/code/Agri_program/Detic-main/wandb/run-20231021_201032-fpzmqt93/files/output.log
2023-10-21 20:13:55,061 DEBUG   HandlerThread:2137510 [handler.py:handle_request():146] handle_request: status_report
2023-10-21 20:13:57,041 DEBUG   HandlerThread:2137510 [handler.py:handle_request():146] handle_request: internal_messages
2023-10-21 20:13:57,042 DEBUG   HandlerThread:2137510 [handler.py:handle_request():146] handle_request: stop_status
2023-10-21 20:13:57,043 DEBUG   SenderThread:2137510 [sender.py:send_request():407] send_request: stop_status
2023-10-21 20:13:58,800 DEBUG   HandlerThread:2137510 [handler.py:handle_request():146] handle_request: partial_history
2023-10-21 20:13:58,801 DEBUG   SenderThread:2137510 [sender.py:send():380] send: history
2023-10-21 20:13:58,801 DEBUG   SenderThread:2137510 [sender.py:send_request():407] send_request: summary_record
2023-10-21 20:13:58,802 INFO    SenderThread:2137510 [sender.py:_save_file():1378] saving file wandb-summary.json with policy end
2023-10-21 20:13:59,001 INFO    Thread-12 :2137510 [dir_watcher.py:_on_file_modified():288] file/dir modified: /home/xchen/code/Agri_program/Detic-main/wandb/run-20231021_201032-fpzmqt93/files/wandb-summary.json
2023-10-21 20:14:00,001 INFO    Thread-12 :2137510 [dir_watcher.py:_on_file_modified():288] file/dir modified: /home/xchen/code/Agri_program/Detic-main/wandb/run-20231021_201032-fpzmqt93/files/output.log
2023-10-21 20:14:00,803 DEBUG   HandlerThread:2137510 [handler.py:handle_request():146] handle_request: status_report
2023-10-21 20:14:05,009 DEBUG   HandlerThread:2137510 [handler.py:handle_request():146] handle_request: partial_history
2023-10-21 20:14:05,010 DEBUG   SenderThread:2137510 [sender.py:send():380] send: history
2023-10-21 20:14:05,011 DEBUG   SenderThread:2137510 [sender.py:send_request():407] send_request: summary_record
2023-10-21 20:14:05,014 INFO    SenderThread:2137510 [sender.py:_save_file():1378] saving file wandb-summary.json with policy end
2023-10-21 20:14:06,004 INFO    Thread-12 :2137510 [dir_watcher.py:_on_file_modified():288] file/dir modified: /home/xchen/code/Agri_program/Detic-main/wandb/run-20231021_201032-fpzmqt93/files/wandb-summary.json
2023-10-21 20:14:06,004 INFO    Thread-12 :2137510 [dir_watcher.py:_on_file_modified():288] file/dir modified: /home/xchen/code/Agri_program/Detic-main/wandb/run-20231021_201032-fpzmqt93/files/output.log
2023-10-21 20:14:06,015 DEBUG   HandlerThread:2137510 [handler.py:handle_request():146] handle_request: status_report
2023-10-21 20:14:08,990 DEBUG   SenderThread:2137510 [sender.py:send():380] send: stats
2023-10-21 20:14:10,877 DEBUG   HandlerThread:2137510 [handler.py:handle_request():146] handle_request: partial_history
2023-10-21 20:14:10,878 DEBUG   SenderThread:2137510 [sender.py:send():380] send: history
2023-10-21 20:14:10,878 DEBUG   SenderThread:2137510 [sender.py:send_request():407] send_request: summary_record
2023-10-21 20:14:10,879 INFO    SenderThread:2137510 [sender.py:_save_file():1378] saving file wandb-summary.json with policy end
2023-10-21 20:14:11,005 INFO    Thread-12 :2137510 [dir_watcher.py:_on_file_modified():288] file/dir modified: /home/xchen/code/Agri_program/Detic-main/wandb/run-20231021_201032-fpzmqt93/files/wandb-summary.json
2023-10-21 20:14:11,879 DEBUG   HandlerThread:2137510 [handler.py:handle_request():146] handle_request: status_report
2023-10-21 20:14:12,006 INFO    Thread-12 :2137510 [dir_watcher.py:_on_file_modified():288] file/dir modified: /home/xchen/code/Agri_program/Detic-main/wandb/run-20231021_201032-fpzmqt93/files/output.log
2023-10-21 20:14:12,041 DEBUG   HandlerThread:2137510 [handler.py:handle_request():146] handle_request: stop_status
2023-10-21 20:14:12,041 DEBUG   HandlerThread:2137510 [handler.py:handle_request():146] handle_request: internal_messages
2023-10-21 20:14:12,041 DEBUG   SenderThread:2137510 [sender.py:send_request():407] send_request: stop_status
2023-10-21 20:14:16,552 DEBUG   HandlerThread:2137510 [handler.py:handle_request():146] handle_request: partial_history
2023-10-21 20:14:16,555 DEBUG   SenderThread:2137510 [sender.py:send():380] send: history
2023-10-21 20:14:16,556 DEBUG   SenderThread:2137510 [sender.py:send_request():407] send_request: summary_record
2023-10-21 20:14:16,562 INFO    SenderThread:2137510 [sender.py:_save_file():1378] saving file wandb-summary.json with policy end
2023-10-21 20:14:17,008 INFO    Thread-12 :2137510 [dir_watcher.py:_on_file_modified():288] file/dir modified: /home/xchen/code/Agri_program/Detic-main/wandb/run-20231021_201032-fpzmqt93/files/wandb-summary.json
2023-10-21 20:14:17,563 DEBUG   HandlerThread:2137510 [handler.py:handle_request():146] handle_request: status_report
2023-10-21 20:14:18,009 INFO    Thread-12 :2137510 [dir_watcher.py:_on_file_modified():288] file/dir modified: /home/xchen/code/Agri_program/Detic-main/wandb/run-20231021_201032-fpzmqt93/files/output.log
2023-10-21 20:14:22,564 DEBUG   HandlerThread:2137510 [handler.py:handle_request():146] handle_request: status_report
2023-10-21 20:14:22,624 DEBUG   HandlerThread:2137510 [handler.py:handle_request():146] handle_request: partial_history
2023-10-21 20:14:22,626 DEBUG   SenderThread:2137510 [sender.py:send():380] send: history
2023-10-21 20:14:22,627 DEBUG   SenderThread:2137510 [sender.py:send_request():407] send_request: summary_record
2023-10-21 20:14:22,627 INFO    SenderThread:2137510 [sender.py:_save_file():1378] saving file wandb-summary.json with policy end
2023-10-21 20:14:23,011 INFO    Thread-12 :2137510 [dir_watcher.py:_on_file_modified():288] file/dir modified: /home/xchen/code/Agri_program/Detic-main/wandb/run-20231021_201032-fpzmqt93/files/wandb-summary.json
2023-10-21 20:14:24,011 INFO    Thread-12 :2137510 [dir_watcher.py:_on_file_modified():288] file/dir modified: /home/xchen/code/Agri_program/Detic-main/wandb/run-20231021_201032-fpzmqt93/files/output.log
2023-10-21 20:14:27,042 DEBUG   HandlerThread:2137510 [handler.py:handle_request():146] handle_request: internal_messages
2023-10-21 20:14:27,042 DEBUG   HandlerThread:2137510 [handler.py:handle_request():146] handle_request: stop_status
2023-10-21 20:14:27,043 DEBUG   SenderThread:2137510 [sender.py:send_request():407] send_request: stop_status
2023-10-21 20:14:28,374 DEBUG   HandlerThread:2137510 [handler.py:handle_request():146] handle_request: status_report
2023-10-21 20:14:28,628 DEBUG   HandlerThread:2137510 [handler.py:handle_request():146] handle_request: partial_history
2023-10-21 20:14:28,629 DEBUG   SenderThread:2137510 [sender.py:send():380] send: history
2023-10-21 20:14:28,630 DEBUG   SenderThread:2137510 [sender.py:send_request():407] send_request: summary_record
2023-10-21 20:14:28,633 INFO    SenderThread:2137510 [sender.py:_save_file():1378] saving file wandb-summary.json with policy end
2023-10-21 20:14:29,013 INFO    Thread-12 :2137510 [dir_watcher.py:_on_file_modified():288] file/dir modified: /home/xchen/code/Agri_program/Detic-main/wandb/run-20231021_201032-fpzmqt93/files/wandb-summary.json
2023-10-21 20:14:30,014 INFO    Thread-12 :2137510 [dir_watcher.py:_on_file_modified():288] file/dir modified: /home/xchen/code/Agri_program/Detic-main/wandb/run-20231021_201032-fpzmqt93/files/output.log
2023-10-21 20:14:33,634 DEBUG   HandlerThread:2137510 [handler.py:handle_request():146] handle_request: status_report
2023-10-21 20:14:34,287 DEBUG   HandlerThread:2137510 [handler.py:handle_request():146] handle_request: partial_history
2023-10-21 20:14:34,288 DEBUG   SenderThread:2137510 [sender.py:send():380] send: history
2023-10-21 20:14:34,288 DEBUG   SenderThread:2137510 [sender.py:send_request():407] send_request: summary_record
2023-10-21 20:14:34,289 INFO    SenderThread:2137510 [sender.py:_save_file():1378] saving file wandb-summary.json with policy end
2023-10-21 20:14:35,016 INFO    Thread-12 :2137510 [dir_watcher.py:_on_file_modified():288] file/dir modified: /home/xchen/code/Agri_program/Detic-main/wandb/run-20231021_201032-fpzmqt93/files/wandb-summary.json
2023-10-21 20:14:36,016 INFO    Thread-12 :2137510 [dir_watcher.py:_on_file_modified():288] file/dir modified: /home/xchen/code/Agri_program/Detic-main/wandb/run-20231021_201032-fpzmqt93/files/output.log
2023-10-21 20:14:38,995 DEBUG   SenderThread:2137510 [sender.py:send():380] send: stats
2023-10-21 20:14:38,997 DEBUG   HandlerThread:2137510 [handler.py:handle_request():146] handle_request: status_report
2023-10-21 20:14:40,193 DEBUG   HandlerThread:2137510 [handler.py:handle_request():146] handle_request: partial_history
2023-10-21 20:14:40,194 DEBUG   SenderThread:2137510 [sender.py:send():380] send: history
2023-10-21 20:14:40,195 DEBUG   SenderThread:2137510 [sender.py:send_request():407] send_request: summary_record
2023-10-21 20:14:40,195 INFO    SenderThread:2137510 [sender.py:_save_file():1378] saving file wandb-summary.json with policy end
2023-10-21 20:14:41,018 INFO    Thread-12 :2137510 [dir_watcher.py:_on_file_modified():288] file/dir modified: /home/xchen/code/Agri_program/Detic-main/wandb/run-20231021_201032-fpzmqt93/files/wandb-summary.json
2023-10-21 20:14:42,019 INFO    Thread-12 :2137510 [dir_watcher.py:_on_file_modified():288] file/dir modified: /home/xchen/code/Agri_program/Detic-main/wandb/run-20231021_201032-fpzmqt93/files/output.log
2023-10-21 20:14:42,041 DEBUG   HandlerThread:2137510 [handler.py:handle_request():146] handle_request: stop_status
2023-10-21 20:14:42,042 DEBUG   SenderThread:2137510 [sender.py:send_request():407] send_request: stop_status
2023-10-21 20:14:42,042 DEBUG   HandlerThread:2137510 [handler.py:handle_request():146] handle_request: internal_messages
2023-10-21 20:14:44,338 DEBUG   HandlerThread:2137510 [handler.py:handle_request():146] handle_request: status_report
2023-10-21 20:14:46,012 DEBUG   HandlerThread:2137510 [handler.py:handle_request():146] handle_request: partial_history
2023-10-21 20:14:46,013 DEBUG   SenderThread:2137510 [sender.py:send():380] send: history
2023-10-21 20:14:46,014 DEBUG   SenderThread:2137510 [sender.py:send_request():407] send_request: summary_record
2023-10-21 20:14:46,014 INFO    SenderThread:2137510 [sender.py:_save_file():1378] saving file wandb-summary.json with policy end
2023-10-21 20:14:46,020 INFO    Thread-12 :2137510 [dir_watcher.py:_on_file_modified():288] file/dir modified: /home/xchen/code/Agri_program/Detic-main/wandb/run-20231021_201032-fpzmqt93/files/wandb-summary.json
2023-10-21 20:14:48,022 INFO    Thread-12 :2137510 [dir_watcher.py:_on_file_modified():288] file/dir modified: /home/xchen/code/Agri_program/Detic-main/wandb/run-20231021_201032-fpzmqt93/files/output.log
2023-10-21 20:14:50,015 DEBUG   HandlerThread:2137510 [handler.py:handle_request():146] handle_request: status_report
2023-10-21 20:14:51,471 DEBUG   HandlerThread:2137510 [handler.py:handle_request():146] handle_request: partial_history
2023-10-21 20:14:51,472 DEBUG   SenderThread:2137510 [sender.py:send():380] send: history
2023-10-21 20:14:51,472 DEBUG   SenderThread:2137510 [sender.py:send_request():407] send_request: summary_record
2023-10-21 20:14:51,475 INFO    SenderThread:2137510 [sender.py:_save_file():1378] saving file wandb-summary.json with policy end
2023-10-21 20:14:52,023 INFO    Thread-12 :2137510 [dir_watcher.py:_on_file_modified():288] file/dir modified: /home/xchen/code/Agri_program/Detic-main/wandb/run-20231021_201032-fpzmqt93/files/wandb-summary.json
2023-10-21 20:14:52,024 INFO    Thread-12 :2137510 [dir_watcher.py:_on_file_modified():288] file/dir modified: /home/xchen/code/Agri_program/Detic-main/wandb/run-20231021_201032-fpzmqt93/files/output.log
2023-10-21 20:14:55,477 DEBUG   HandlerThread:2137510 [handler.py:handle_request():146] handle_request: status_report
2023-10-21 20:14:57,041 DEBUG   HandlerThread:2137510 [handler.py:handle_request():146] handle_request: stop_status
2023-10-21 20:14:57,042 DEBUG   HandlerThread:2137510 [handler.py:handle_request():146] handle_request: internal_messages
2023-10-21 20:14:57,042 DEBUG   SenderThread:2137510 [sender.py:send_request():407] send_request: stop_status
2023-10-21 20:14:57,696 DEBUG   HandlerThread:2137510 [handler.py:handle_request():146] handle_request: partial_history
2023-10-21 20:14:57,697 DEBUG   SenderThread:2137510 [sender.py:send():380] send: history
2023-10-21 20:14:57,697 DEBUG   SenderThread:2137510 [sender.py:send_request():407] send_request: summary_record
2023-10-21 20:14:57,698 INFO    SenderThread:2137510 [sender.py:_save_file():1378] saving file wandb-summary.json with policy end
2023-10-21 20:14:58,026 INFO    Thread-12 :2137510 [dir_watcher.py:_on_file_modified():288] file/dir modified: /home/xchen/code/Agri_program/Detic-main/wandb/run-20231021_201032-fpzmqt93/files/wandb-summary.json
2023-10-21 20:14:58,026 INFO    Thread-12 :2137510 [dir_watcher.py:_on_file_modified():288] file/dir modified: /home/xchen/code/Agri_program/Detic-main/wandb/run-20231021_201032-fpzmqt93/files/output.log
2023-10-21 20:15:00,699 DEBUG   HandlerThread:2137510 [handler.py:handle_request():146] handle_request: status_report
2023-10-21 20:15:03,243 DEBUG   HandlerThread:2137510 [handler.py:handle_request():146] handle_request: partial_history
2023-10-21 20:15:03,244 DEBUG   SenderThread:2137510 [sender.py:send():380] send: history
2023-10-21 20:15:03,245 DEBUG   SenderThread:2137510 [sender.py:send_request():407] send_request: summary_record
2023-10-21 20:15:03,248 INFO    SenderThread:2137510 [sender.py:_save_file():1378] saving file wandb-summary.json with policy end
2023-10-21 20:15:04,028 INFO    Thread-12 :2137510 [dir_watcher.py:_on_file_modified():288] file/dir modified: /home/xchen/code/Agri_program/Detic-main/wandb/run-20231021_201032-fpzmqt93/files/wandb-summary.json
2023-10-21 20:15:04,028 INFO    Thread-12 :2137510 [dir_watcher.py:_on_file_modified():288] file/dir modified: /home/xchen/code/Agri_program/Detic-main/wandb/run-20231021_201032-fpzmqt93/files/output.log
2023-10-21 20:15:06,250 DEBUG   HandlerThread:2137510 [handler.py:handle_request():146] handle_request: status_report
2023-10-21 20:15:08,998 DEBUG   SenderThread:2137510 [sender.py:send():380] send: stats
2023-10-21 20:15:09,002 DEBUG   HandlerThread:2137510 [handler.py:handle_request():146] handle_request: partial_history
2023-10-21 20:15:09,003 DEBUG   SenderThread:2137510 [sender.py:send():380] send: history
2023-10-21 20:15:09,004 DEBUG   SenderThread:2137510 [sender.py:send_request():407] send_request: summary_record
2023-10-21 20:15:09,004 INFO    SenderThread:2137510 [sender.py:_save_file():1378] saving file wandb-summary.json with policy end
2023-10-21 20:15:09,030 INFO    Thread-12 :2137510 [dir_watcher.py:_on_file_modified():288] file/dir modified: /home/xchen/code/Agri_program/Detic-main/wandb/run-20231021_201032-fpzmqt93/files/wandb-summary.json
2023-10-21 20:15:10,030 INFO    Thread-12 :2137510 [dir_watcher.py:_on_file_modified():288] file/dir modified: /home/xchen/code/Agri_program/Detic-main/wandb/run-20231021_201032-fpzmqt93/files/output.log
2023-10-21 20:15:12,006 DEBUG   HandlerThread:2137510 [handler.py:handle_request():146] handle_request: status_report
2023-10-21 20:15:12,042 DEBUG   HandlerThread:2137510 [handler.py:handle_request():146] handle_request: stop_status
2023-10-21 20:15:12,042 DEBUG   HandlerThread:2137510 [handler.py:handle_request():146] handle_request: internal_messages
2023-10-21 20:15:12,042 DEBUG   SenderThread:2137510 [sender.py:send_request():407] send_request: stop_status
2023-10-21 20:15:14,812 DEBUG   HandlerThread:2137510 [handler.py:handle_request():146] handle_request: partial_history
2023-10-21 20:15:14,813 DEBUG   SenderThread:2137510 [sender.py:send():380] send: history
2023-10-21 20:15:14,813 DEBUG   SenderThread:2137510 [sender.py:send_request():407] send_request: summary_record
2023-10-21 20:15:14,817 INFO    SenderThread:2137510 [sender.py:_save_file():1378] saving file wandb-summary.json with policy end
2023-10-21 20:15:15,032 INFO    Thread-12 :2137510 [dir_watcher.py:_on_file_modified():288] file/dir modified: /home/xchen/code/Agri_program/Detic-main/wandb/run-20231021_201032-fpzmqt93/files/wandb-summary.json
2023-10-21 20:15:16,033 INFO    Thread-12 :2137510 [dir_watcher.py:_on_file_modified():288] file/dir modified: /home/xchen/code/Agri_program/Detic-main/wandb/run-20231021_201032-fpzmqt93/files/output.log
2023-10-21 20:15:17,818 DEBUG   HandlerThread:2137510 [handler.py:handle_request():146] handle_request: status_report
2023-10-21 20:15:20,716 DEBUG   HandlerThread:2137510 [handler.py:handle_request():146] handle_request: partial_history
2023-10-21 20:15:20,717 DEBUG   SenderThread:2137510 [sender.py:send():380] send: history
2023-10-21 20:15:20,718 DEBUG   SenderThread:2137510 [sender.py:send_request():407] send_request: summary_record
2023-10-21 20:15:20,718 INFO    SenderThread:2137510 [sender.py:_save_file():1378] saving file wandb-summary.json with policy end
2023-10-21 20:15:21,035 INFO    Thread-12 :2137510 [dir_watcher.py:_on_file_modified():288] file/dir modified: /home/xchen/code/Agri_program/Detic-main/wandb/run-20231021_201032-fpzmqt93/files/wandb-summary.json
2023-10-21 20:15:22,035 INFO    Thread-12 :2137510 [dir_watcher.py:_on_file_modified():288] file/dir modified: /home/xchen/code/Agri_program/Detic-main/wandb/run-20231021_201032-fpzmqt93/files/output.log
2023-10-21 20:15:23,719 DEBUG   HandlerThread:2137510 [handler.py:handle_request():146] handle_request: status_report
2023-10-21 20:15:26,665 DEBUG   HandlerThread:2137510 [handler.py:handle_request():146] handle_request: partial_history
2023-10-21 20:15:26,666 DEBUG   SenderThread:2137510 [sender.py:send():380] send: history
2023-10-21 20:15:26,667 DEBUG   SenderThread:2137510 [sender.py:send_request():407] send_request: summary_record
2023-10-21 20:15:26,669 INFO    SenderThread:2137510 [sender.py:_save_file():1378] saving file wandb-summary.json with policy end
2023-10-21 20:15:27,037 INFO    Thread-12 :2137510 [dir_watcher.py:_on_file_modified():288] file/dir modified: /home/xchen/code/Agri_program/Detic-main/wandb/run-20231021_201032-fpzmqt93/files/wandb-summary.json
2023-10-21 20:15:27,042 DEBUG   HandlerThread:2137510 [handler.py:handle_request():146] handle_request: stop_status
2023-10-21 20:15:27,042 DEBUG   HandlerThread:2137510 [handler.py:handle_request():146] handle_request: internal_messages
2023-10-21 20:15:27,042 DEBUG   SenderThread:2137510 [sender.py:send_request():407] send_request: stop_status
2023-10-21 20:15:28,038 INFO    Thread-12 :2137510 [dir_watcher.py:_on_file_modified():288] file/dir modified: /home/xchen/code/Agri_program/Detic-main/wandb/run-20231021_201032-fpzmqt93/files/output.log
2023-10-21 20:15:29,317 DEBUG   HandlerThread:2137510 [handler.py:handle_request():146] handle_request: status_report
2023-10-21 20:15:32,752 DEBUG   HandlerThread:2137510 [handler.py:handle_request():146] handle_request: partial_history
2023-10-21 20:15:32,753 DEBUG   SenderThread:2137510 [sender.py:send():380] send: history
2023-10-21 20:15:32,753 DEBUG   SenderThread:2137510 [sender.py:send_request():407] send_request: summary_record
2023-10-21 20:15:32,754 INFO    SenderThread:2137510 [sender.py:_save_file():1378] saving file wandb-summary.json with policy end
2023-10-21 20:15:33,040 INFO    Thread-12 :2137510 [dir_watcher.py:_on_file_modified():288] file/dir modified: /home/xchen/code/Agri_program/Detic-main/wandb/run-20231021_201032-fpzmqt93/files/wandb-summary.json
2023-10-21 20:15:34,040 INFO    Thread-12 :2137510 [dir_watcher.py:_on_file_modified():288] file/dir modified: /home/xchen/code/Agri_program/Detic-main/wandb/run-20231021_201032-fpzmqt93/files/output.log
2023-10-21 20:15:34,755 DEBUG   HandlerThread:2137510 [handler.py:handle_request():146] handle_request: status_report
2023-10-21 20:15:38,631 DEBUG   HandlerThread:2137510 [handler.py:handle_request():146] handle_request: partial_history
2023-10-21 20:15:38,633 DEBUG   SenderThread:2137510 [sender.py:send():380] send: history
2023-10-21 20:15:38,633 DEBUG   SenderThread:2137510 [sender.py:send_request():407] send_request: summary_record
2023-10-21 20:15:38,634 INFO    SenderThread:2137510 [sender.py:_save_file():1378] saving file wandb-summary.json with policy end
2023-10-21 20:15:38,752 ERROR   wandb-upload_0:2137510 [internal_api.py:upload_file():2556] upload_file exception https://storage.googleapis.com/wandb-production.appspot.com/29team/SamDetector/fpzmqt93/wandb-metadata.json?Expires=1697976641&GoogleAccessId=gorilla-files-url-signer-man%40wandb-production.iam.gserviceaccount.com&Signature=RO4tNvJhNEQEpqebT3%2FhmZ969fjWRYnxo1oLthZyi0Z6uzB3Ny5rPoH9rOs9zsy9gn7w2yWnWMFNeOAsYu9WIXrwSXVznesQyU4Rup7cTJrWgYW0JzXvtwfxGIaD4%2B5DxpRkh4oarBIjaMQiSj03ebHJCQEQt7cWtHCiicd%2BCLL0RcPZzZeciaZX%2Fll43sHmCtOSpqwoxKGeaJ0aA4ZNQQIPa%2F8tgWANnQQRBhHOegIRFG47cVUMn7VuPpTcTzOFlomA8K32A%2Bu97cZ25BECcT5jl1%2B0mTL6TY1l62gRAvWA8SPGVtcScBnJi0zS9onrUXYPkFXTIwaCsV1wLNLJNQ%3D%3D: ('Connection aborted.', ConnectionResetError(104, 'Connection reset by peer'))
2023-10-21 20:15:38,752 ERROR   wandb-upload_0:2137510 [internal_api.py:upload_file():2558] upload_file request headers: {'User-Agent': 'python-requests/2.31.0', 'Accept-Encoding': 'gzip, deflate, br', 'Accept': '*/*', 'Connection': 'keep-alive', 'Content-Length': '8979'}
2023-10-21 20:15:38,752 ERROR   wandb-upload_0:2137510 [internal_api.py:upload_file():2560] upload_file response body: 
2023-10-21 20:15:39,000 DEBUG   SenderThread:2137510 [sender.py:send():380] send: stats
2023-10-21 20:15:39,042 INFO    Thread-12 :2137510 [dir_watcher.py:_on_file_modified():288] file/dir modified: /home/xchen/code/Agri_program/Detic-main/wandb/run-20231021_201032-fpzmqt93/files/wandb-summary.json
2023-10-21 20:15:40,002 DEBUG   HandlerThread:2137510 [handler.py:handle_request():146] handle_request: status_report
2023-10-21 20:15:40,043 INFO    Thread-12 :2137510 [dir_watcher.py:_on_file_modified():288] file/dir modified: /home/xchen/code/Agri_program/Detic-main/wandb/run-20231021_201032-fpzmqt93/files/output.log
2023-10-21 20:15:42,042 DEBUG   HandlerThread:2137510 [handler.py:handle_request():146] handle_request: stop_status
2023-10-21 20:15:42,043 DEBUG   HandlerThread:2137510 [handler.py:handle_request():146] handle_request: internal_messages
2023-10-21 20:15:42,044 DEBUG   SenderThread:2137510 [sender.py:send_request():407] send_request: stop_status
2023-10-21 20:15:44,400 DEBUG   HandlerThread:2137510 [handler.py:handle_request():146] handle_request: partial_history
2023-10-21 20:15:44,401 DEBUG   SenderThread:2137510 [sender.py:send():380] send: history
2023-10-21 20:15:44,402 DEBUG   SenderThread:2137510 [sender.py:send_request():407] send_request: summary_record
2023-10-21 20:15:44,402 INFO    SenderThread:2137510 [sender.py:_save_file():1378] saving file wandb-summary.json with policy end
2023-10-21 20:15:45,052 INFO    Thread-12 :2137510 [dir_watcher.py:_on_file_modified():288] file/dir modified: /home/xchen/code/Agri_program/Detic-main/wandb/run-20231021_201032-fpzmqt93/files/wandb-summary.json
2023-10-21 20:15:45,403 DEBUG   HandlerThread:2137510 [handler.py:handle_request():146] handle_request: status_report
2023-10-21 20:15:46,053 INFO    Thread-12 :2137510 [dir_watcher.py:_on_file_modified():288] file/dir modified: /home/xchen/code/Agri_program/Detic-main/wandb/run-20231021_201032-fpzmqt93/files/output.log
2023-10-21 20:15:47,390 DEBUG   SenderThread:2137510 [sender.py:send():380] send: exit
2023-10-21 20:15:47,391 INFO    SenderThread:2137510 [sender.py:send_exit():585] handling exit code: 1
2023-10-21 20:15:47,392 INFO    SenderThread:2137510 [sender.py:send_exit():587] handling runtime: 308
2023-10-21 20:15:47,392 INFO    SenderThread:2137510 [sender.py:_save_file():1378] saving file wandb-summary.json with policy end
2023-10-21 20:15:47,393 INFO    SenderThread:2137510 [sender.py:send_exit():593] send defer
2023-10-21 20:15:47,393 DEBUG   HandlerThread:2137510 [handler.py:handle_request():146] handle_request: defer
2023-10-21 20:15:47,393 INFO    HandlerThread:2137510 [handler.py:handle_request_defer():172] handle defer: 0
2023-10-21 20:15:47,394 DEBUG   SenderThread:2137510 [sender.py:send_request():407] send_request: defer
2023-10-21 20:15:47,394 INFO    SenderThread:2137510 [sender.py:send_request_defer():609] handle sender defer: 0
2023-10-21 20:15:47,394 INFO    SenderThread:2137510 [sender.py:transition_state():613] send defer: 1
2023-10-21 20:15:47,394 DEBUG   HandlerThread:2137510 [handler.py:handle_request():146] handle_request: defer
2023-10-21 20:15:47,394 INFO    HandlerThread:2137510 [handler.py:handle_request_defer():172] handle defer: 1
2023-10-21 20:15:47,395 DEBUG   SenderThread:2137510 [sender.py:send_request():407] send_request: defer
2023-10-21 20:15:47,395 INFO    SenderThread:2137510 [sender.py:send_request_defer():609] handle sender defer: 1
2023-10-21 20:15:47,395 INFO    SenderThread:2137510 [sender.py:transition_state():613] send defer: 2
2023-10-21 20:15:47,395 DEBUG   HandlerThread:2137510 [handler.py:handle_request():146] handle_request: defer
2023-10-21 20:15:47,395 INFO    HandlerThread:2137510 [handler.py:handle_request_defer():172] handle defer: 2
2023-10-21 20:15:47,395 INFO    HandlerThread:2137510 [system_monitor.py:finish():203] Stopping system monitor
2023-10-21 20:15:47,396 DEBUG   SystemMonitor:2137510 [system_monitor.py:_start():179] Finished system metrics aggregation loop
2023-10-21 20:15:47,396 INFO    HandlerThread:2137510 [interfaces.py:finish():202] Joined cpu monitor
2023-10-21 20:15:47,397 DEBUG   SystemMonitor:2137510 [system_monitor.py:_start():183] Publishing last batch of metrics
2023-10-21 20:15:47,397 INFO    HandlerThread:2137510 [interfaces.py:finish():202] Joined disk monitor
2023-10-21 20:15:48,038 INFO    HandlerThread:2137510 [interfaces.py:finish():202] Joined gpu monitor
2023-10-21 20:15:48,038 INFO    HandlerThread:2137510 [interfaces.py:finish():202] Joined memory monitor
2023-10-21 20:15:48,039 INFO    HandlerThread:2137510 [interfaces.py:finish():202] Joined network monitor
2023-10-21 20:15:48,040 DEBUG   SenderThread:2137510 [sender.py:send_request():407] send_request: defer
2023-10-21 20:15:48,040 INFO    SenderThread:2137510 [sender.py:send_request_defer():609] handle sender defer: 2
2023-10-21 20:15:48,040 INFO    SenderThread:2137510 [sender.py:transition_state():613] send defer: 3
2023-10-21 20:15:48,040 DEBUG   SenderThread:2137510 [sender.py:send():380] send: stats
2023-10-21 20:15:48,040 DEBUG   HandlerThread:2137510 [handler.py:handle_request():146] handle_request: defer
2023-10-21 20:15:48,041 INFO    HandlerThread:2137510 [handler.py:handle_request_defer():172] handle defer: 3
2023-10-21 20:15:48,041 DEBUG   SenderThread:2137510 [sender.py:send_request():407] send_request: defer
2023-10-21 20:15:48,042 INFO    SenderThread:2137510 [sender.py:send_request_defer():609] handle sender defer: 3
2023-10-21 20:15:48,042 INFO    SenderThread:2137510 [sender.py:transition_state():613] send defer: 4
2023-10-21 20:15:48,042 DEBUG   HandlerThread:2137510 [handler.py:handle_request():146] handle_request: defer
2023-10-21 20:15:48,042 INFO    HandlerThread:2137510 [handler.py:handle_request_defer():172] handle defer: 4
2023-10-21 20:15:48,042 DEBUG   SenderThread:2137510 [sender.py:send_request():407] send_request: defer
2023-10-21 20:15:48,042 INFO    SenderThread:2137510 [sender.py:send_request_defer():609] handle sender defer: 4
2023-10-21 20:15:48,042 INFO    SenderThread:2137510 [sender.py:transition_state():613] send defer: 5
2023-10-21 20:15:48,043 DEBUG   HandlerThread:2137510 [handler.py:handle_request():146] handle_request: defer
2023-10-21 20:15:48,043 INFO    HandlerThread:2137510 [handler.py:handle_request_defer():172] handle defer: 5
2023-10-21 20:15:48,043 DEBUG   SenderThread:2137510 [sender.py:send():380] send: summary
2023-10-21 20:15:48,044 INFO    SenderThread:2137510 [sender.py:_save_file():1378] saving file wandb-summary.json with policy end
2023-10-21 20:15:48,044 DEBUG   SenderThread:2137510 [sender.py:send_request():407] send_request: defer
2023-10-21 20:15:48,045 INFO    SenderThread:2137510 [sender.py:send_request_defer():609] handle sender defer: 5
2023-10-21 20:15:48,045 INFO    SenderThread:2137510 [sender.py:transition_state():613] send defer: 6
2023-10-21 20:15:48,045 DEBUG   HandlerThread:2137510 [handler.py:handle_request():146] handle_request: defer
2023-10-21 20:15:48,045 INFO    HandlerThread:2137510 [handler.py:handle_request_defer():172] handle defer: 6
2023-10-21 20:15:48,045 DEBUG   SenderThread:2137510 [sender.py:send_request():407] send_request: defer
2023-10-21 20:15:48,045 INFO    SenderThread:2137510 [sender.py:send_request_defer():609] handle sender defer: 6
2023-10-21 20:15:48,045 INFO    SenderThread:2137510 [sender.py:transition_state():613] send defer: 7
2023-10-21 20:15:48,046 DEBUG   HandlerThread:2137510 [handler.py:handle_request():146] handle_request: status_report
2023-10-21 20:15:48,046 DEBUG   HandlerThread:2137510 [handler.py:handle_request():146] handle_request: defer
2023-10-21 20:15:48,046 INFO    HandlerThread:2137510 [handler.py:handle_request_defer():172] handle defer: 7
2023-10-21 20:15:48,046 DEBUG   SenderThread:2137510 [sender.py:send_request():407] send_request: defer
2023-10-21 20:15:48,046 INFO    SenderThread:2137510 [sender.py:send_request_defer():609] handle sender defer: 7
2023-10-21 20:15:48,054 INFO    Thread-12 :2137510 [dir_watcher.py:_on_file_modified():288] file/dir modified: /home/xchen/code/Agri_program/Detic-main/wandb/run-20231021_201032-fpzmqt93/files/wandb-summary.json
2023-10-21 20:15:48,391 DEBUG   HandlerThread:2137510 [handler.py:handle_request():146] handle_request: poll_exit
2023-10-21 20:15:49,054 INFO    Thread-12 :2137510 [dir_watcher.py:_on_file_modified():288] file/dir modified: /home/xchen/code/Agri_program/Detic-main/wandb/run-20231021_201032-fpzmqt93/files/output.log
2023-10-21 20:15:50,879 INFO    SenderThread:2137510 [sender.py:transition_state():613] send defer: 8
2023-10-21 20:15:50,879 DEBUG   SenderThread:2137510 [sender.py:send_request():407] send_request: poll_exit
2023-10-21 20:15:50,880 DEBUG   HandlerThread:2137510 [handler.py:handle_request():146] handle_request: defer
2023-10-21 20:15:50,880 INFO    HandlerThread:2137510 [handler.py:handle_request_defer():172] handle defer: 8
2023-10-21 20:15:50,881 DEBUG   SenderThread:2137510 [sender.py:send_request():407] send_request: defer
2023-10-21 20:15:50,881 INFO    SenderThread:2137510 [sender.py:send_request_defer():609] handle sender defer: 8
2023-10-21 20:15:50,881 INFO    SenderThread:2137510 [job_builder.py:build():281] Attempting to build job artifact
2023-10-21 20:15:50,886 INFO    SenderThread:2137510 [job_builder.py:_get_source_type():393] is repo sourced job
2023-10-21 20:15:50,890 INFO    SenderThread:2137510 [job_builder.py:build():369] adding wandb-job metadata file
2023-10-21 20:15:50,901 INFO    SenderThread:2137510 [sender.py:transition_state():613] send defer: 9
2023-10-21 20:15:50,901 DEBUG   HandlerThread:2137510 [handler.py:handle_request():146] handle_request: defer
2023-10-21 20:15:50,902 INFO    HandlerThread:2137510 [handler.py:handle_request_defer():172] handle defer: 9
2023-10-21 20:15:50,902 DEBUG   SenderThread:2137510 [sender.py:send():380] send: artifact
2023-10-21 20:15:51,055 INFO    Thread-12 :2137510 [dir_watcher.py:_on_file_modified():288] file/dir modified: /home/xchen/code/Agri_program/Detic-main/wandb/run-20231021_201032-fpzmqt93/files/output.log
2023-10-21 20:15:52,656 ERROR   wandb-upload_2:2137510 [internal_api.py:upload_file():2556] upload_file exception https://storage.googleapis.com/wandb-artifacts-prod/wandb_artifacts/108649229/611844430/c36a9271e5a902806ef0eec8e5bc5e08?Expires=1697976952&GoogleAccessId=gorilla-files-url-signer-man%40wandb-production.iam.gserviceaccount.com&Signature=OWE48Z9vw9OZJKpeywwVKZWUSyDgQleSQSHSs6VpqdV1EhMjk9uU9yM%2Fm7sY4GCMxeXg%2F%2BcwsqMWI3Cu7fbZ%2BVAg5bDzRha0AERrn4K09I818oLQJ5rfZQCk5Gz4xfYllnRdeSUFq2JzacXShziWMsL80vr%2BrWqWrnoCTSJQmkj7MgQF%2BcHQB4tHqr6VJ%2BzEpsELC2nL0MfeXlQWcm50itbBKrn97Z%2FFLINkERpoe16cV2jakRvr5T8IcUqlqXTPAF0jgCQw8cp9bQFOV4ULdf%2B5Javbf15dTrdMYtxmE4aAakEf0rJ90eK45%2FjHeMJP1gq6xkWdtDJiN0SS%2BaTj6A%3D%3D: ('Connection aborted.', ConnectionResetError(104, 'Connection reset by peer'))
2023-10-21 20:15:52,657 ERROR   wandb-upload_2:2137510 [internal_api.py:upload_file():2558] upload_file request headers: {'User-Agent': 'python-requests/2.31.0', 'Accept-Encoding': 'gzip, deflate, br', 'Accept': '*/*', 'Connection': 'keep-alive', 'Content-MD5': 'w2qSceWpAoBu8O7I5bxeCA==', 'Content-Type': 'application/json', 'Content-Length': '57626'}
2023-10-21 20:15:52,657 ERROR   wandb-upload_2:2137510 [internal_api.py:upload_file():2560] upload_file response body: 
2023-10-21 20:15:52,664 ERROR   wandb-upload_1:2137510 [internal_api.py:upload_file():2556] upload_file exception https://storage.googleapis.com/wandb-artifacts-prod/wandb_artifacts/108649229/611844430/5dba34c7f07ae92b3419b9826e837e7b?Expires=1697976952&GoogleAccessId=gorilla-files-url-signer-man%40wandb-production.iam.gserviceaccount.com&Signature=m5bYDCQJoVPY6tQZopkJjt3McdMabNq4bw%2FtYBWCLqLZUh1POI98gaosnkWKhOI6evEIUnaVe%2BWuSYif22hPxMsAD2H8XERJSqrffZrc5wJUyJ3lL%2FW2bhTzZpXgAS7AZHMTJYgboiO%2FE1cAl7NUJPsvDbZyaTze%2BkBxu8%2BZBkEnP%2BgtN34Ley%2FJOqcnwCLBz92Odl4z9ZX8%2BEnC5gbMKVmrcunns%2FSFhtTneZLmLmmD6zwrgRqZVCnldDaywbE%2BDlIOo9cg2y%2FJUXSPHidtCdWX4BvmuEVRTvUHGoyMCND%2Budc%2B8dz%2BYYE%2BIAVtbRNGZ%2BctTpQVuP8KOYm%2F0IZpOA%3D%3D: ('Connection aborted.', ConnectionResetError(104, 'Connection reset by peer'))
2023-10-21 20:15:52,665 ERROR   wandb-upload_1:2137510 [internal_api.py:upload_file():2558] upload_file request headers: {'User-Agent': 'python-requests/2.31.0', 'Accept-Encoding': 'gzip, deflate, br', 'Accept': '*/*', 'Connection': 'keep-alive', 'Content-MD5': 'Xbo0x/B66Ss0GbmCboN+ew==', 'Content-Type': 'text/plain; charset=utf-8', 'Content-Length': '1854'}
2023-10-21 20:15:52,665 ERROR   wandb-upload_1:2137510 [internal_api.py:upload_file():2560] upload_file response body: 
2023-10-21 20:15:53,398 DEBUG   HandlerThread:2137510 [handler.py:handle_request():146] handle_request: keepalive
2023-10-21 20:15:53,930 ERROR   wandb-upload_2:2137510 [internal_api.py:upload_file():2556] upload_file exception https://storage.googleapis.com/wandb-artifacts-prod/wandb_artifacts/108649229/611844430/c36a9271e5a902806ef0eec8e5bc5e08?Expires=1697976952&GoogleAccessId=gorilla-files-url-signer-man%40wandb-production.iam.gserviceaccount.com&Signature=OWE48Z9vw9OZJKpeywwVKZWUSyDgQleSQSHSs6VpqdV1EhMjk9uU9yM%2Fm7sY4GCMxeXg%2F%2BcwsqMWI3Cu7fbZ%2BVAg5bDzRha0AERrn4K09I818oLQJ5rfZQCk5Gz4xfYllnRdeSUFq2JzacXShziWMsL80vr%2BrWqWrnoCTSJQmkj7MgQF%2BcHQB4tHqr6VJ%2BzEpsELC2nL0MfeXlQWcm50itbBKrn97Z%2FFLINkERpoe16cV2jakRvr5T8IcUqlqXTPAF0jgCQw8cp9bQFOV4ULdf%2B5Javbf15dTrdMYtxmE4aAakEf0rJ90eK45%2FjHeMJP1gq6xkWdtDJiN0SS%2BaTj6A%3D%3D: ('Connection aborted.', ConnectionResetError(104, 'Connection reset by peer'))
2023-10-21 20:15:53,930 ERROR   wandb-upload_2:2137510 [internal_api.py:upload_file():2558] upload_file request headers: {'User-Agent': 'python-requests/2.31.0', 'Accept-Encoding': 'gzip, deflate, br', 'Accept': '*/*', 'Connection': 'keep-alive', 'Content-MD5': 'w2qSceWpAoBu8O7I5bxeCA==', 'Content-Type': 'application/json', 'Content-Length': '57626'}
2023-10-21 20:15:53,930 ERROR   wandb-upload_2:2137510 [internal_api.py:upload_file():2560] upload_file response body: 
2023-10-21 20:15:53,944 ERROR   wandb-upload_1:2137510 [internal_api.py:upload_file():2556] upload_file exception https://storage.googleapis.com/wandb-artifacts-prod/wandb_artifacts/108649229/611844430/5dba34c7f07ae92b3419b9826e837e7b?Expires=1697976952&GoogleAccessId=gorilla-files-url-signer-man%40wandb-production.iam.gserviceaccount.com&Signature=m5bYDCQJoVPY6tQZopkJjt3McdMabNq4bw%2FtYBWCLqLZUh1POI98gaosnkWKhOI6evEIUnaVe%2BWuSYif22hPxMsAD2H8XERJSqrffZrc5wJUyJ3lL%2FW2bhTzZpXgAS7AZHMTJYgboiO%2FE1cAl7NUJPsvDbZyaTze%2BkBxu8%2BZBkEnP%2BgtN34Ley%2FJOqcnwCLBz92Odl4z9ZX8%2BEnC5gbMKVmrcunns%2FSFhtTneZLmLmmD6zwrgRqZVCnldDaywbE%2BDlIOo9cg2y%2FJUXSPHidtCdWX4BvmuEVRTvUHGoyMCND%2Budc%2B8dz%2BYYE%2BIAVtbRNGZ%2BctTpQVuP8KOYm%2F0IZpOA%3D%3D: ('Connection aborted.', ConnectionResetError(104, 'Connection reset by peer'))
2023-10-21 20:15:53,945 ERROR   wandb-upload_1:2137510 [internal_api.py:upload_file():2558] upload_file request headers: {'User-Agent': 'python-requests/2.31.0', 'Accept-Encoding': 'gzip, deflate, br', 'Accept': '*/*', 'Connection': 'keep-alive', 'Content-MD5': 'Xbo0x/B66Ss0GbmCboN+ew==', 'Content-Type': 'text/plain; charset=utf-8', 'Content-Length': '1854'}
2023-10-21 20:15:53,945 ERROR   wandb-upload_1:2137510 [internal_api.py:upload_file():2560] upload_file response body: 
2023-10-21 20:15:56,094 ERROR   wandb-upload_2:2137510 [internal_api.py:upload_file():2556] upload_file exception https://storage.googleapis.com/wandb-artifacts-prod/wandb_artifacts/108649229/611844430/c36a9271e5a902806ef0eec8e5bc5e08?Expires=1697976952&GoogleAccessId=gorilla-files-url-signer-man%40wandb-production.iam.gserviceaccount.com&Signature=OWE48Z9vw9OZJKpeywwVKZWUSyDgQleSQSHSs6VpqdV1EhMjk9uU9yM%2Fm7sY4GCMxeXg%2F%2BcwsqMWI3Cu7fbZ%2BVAg5bDzRha0AERrn4K09I818oLQJ5rfZQCk5Gz4xfYllnRdeSUFq2JzacXShziWMsL80vr%2BrWqWrnoCTSJQmkj7MgQF%2BcHQB4tHqr6VJ%2BzEpsELC2nL0MfeXlQWcm50itbBKrn97Z%2FFLINkERpoe16cV2jakRvr5T8IcUqlqXTPAF0jgCQw8cp9bQFOV4ULdf%2B5Javbf15dTrdMYtxmE4aAakEf0rJ90eK45%2FjHeMJP1gq6xkWdtDJiN0SS%2BaTj6A%3D%3D: ('Connection aborted.', ConnectionResetError(104, 'Connection reset by peer'))
2023-10-21 20:15:56,094 ERROR   wandb-upload_2:2137510 [internal_api.py:upload_file():2558] upload_file request headers: {'User-Agent': 'python-requests/2.31.0', 'Accept-Encoding': 'gzip, deflate, br', 'Accept': '*/*', 'Connection': 'keep-alive', 'Content-MD5': 'w2qSceWpAoBu8O7I5bxeCA==', 'Content-Type': 'application/json', 'Content-Length': '57626'}
2023-10-21 20:15:56,094 ERROR   wandb-upload_2:2137510 [internal_api.py:upload_file():2560] upload_file response body: 
2023-10-21 20:15:56,094 INFO    wandb-upload_2:2137510 [retry.py:__call__():172] Retry attempt failed:
Traceback (most recent call last):
  File "/home/xchen/anaconda3/envs/Agri/lib/python3.8/site-packages/urllib3/connectionpool.py", line 790, in urlopen
    response = self._make_request(
  File "/home/xchen/anaconda3/envs/Agri/lib/python3.8/site-packages/urllib3/connectionpool.py", line 491, in _make_request
    raise new_e
  File "/home/xchen/anaconda3/envs/Agri/lib/python3.8/site-packages/urllib3/connectionpool.py", line 467, in _make_request
    self._validate_conn(conn)
  File "/home/xchen/anaconda3/envs/Agri/lib/python3.8/site-packages/urllib3/connectionpool.py", line 1092, in _validate_conn
    conn.connect()
  File "/home/xchen/anaconda3/envs/Agri/lib/python3.8/site-packages/urllib3/connection.py", line 642, in connect
    sock_and_verified = _ssl_wrap_socket_and_match_hostname(
  File "/home/xchen/anaconda3/envs/Agri/lib/python3.8/site-packages/urllib3/connection.py", line 783, in _ssl_wrap_socket_and_match_hostname
    ssl_sock = ssl_wrap_socket(
  File "/home/xchen/anaconda3/envs/Agri/lib/python3.8/site-packages/urllib3/util/ssl_.py", line 469, in ssl_wrap_socket
    ssl_sock = _ssl_wrap_socket_impl(sock, context, tls_in_tls, server_hostname)
  File "/home/xchen/anaconda3/envs/Agri/lib/python3.8/site-packages/urllib3/util/ssl_.py", line 513, in _ssl_wrap_socket_impl
    return ssl_context.wrap_socket(sock, server_hostname=server_hostname)
  File "/home/xchen/anaconda3/envs/Agri/lib/python3.8/ssl.py", line 500, in wrap_socket
    return self.sslsocket_class._create(
  File "/home/xchen/anaconda3/envs/Agri/lib/python3.8/ssl.py", line 1073, in _create
    self.do_handshake()
  File "/home/xchen/anaconda3/envs/Agri/lib/python3.8/ssl.py", line 1342, in do_handshake
    self._sslobj.do_handshake()
ConnectionResetError: [Errno 104] Connection reset by peer

During handling of the above exception, another exception occurred:

Traceback (most recent call last):
  File "/home/xchen/anaconda3/envs/Agri/lib/python3.8/site-packages/requests/adapters.py", line 486, in send
    resp = conn.urlopen(
  File "/home/xchen/anaconda3/envs/Agri/lib/python3.8/site-packages/urllib3/connectionpool.py", line 844, in urlopen
    retries = retries.increment(
  File "/home/xchen/anaconda3/envs/Agri/lib/python3.8/site-packages/urllib3/util/retry.py", line 470, in increment
    raise reraise(type(error), error, _stacktrace)
  File "/home/xchen/anaconda3/envs/Agri/lib/python3.8/site-packages/urllib3/util/util.py", line 38, in reraise
    raise value.with_traceback(tb)
  File "/home/xchen/anaconda3/envs/Agri/lib/python3.8/site-packages/urllib3/connectionpool.py", line 790, in urlopen
    response = self._make_request(
  File "/home/xchen/anaconda3/envs/Agri/lib/python3.8/site-packages/urllib3/connectionpool.py", line 491, in _make_request
    raise new_e
  File "/home/xchen/anaconda3/envs/Agri/lib/python3.8/site-packages/urllib3/connectionpool.py", line 467, in _make_request
    self._validate_conn(conn)
  File "/home/xchen/anaconda3/envs/Agri/lib/python3.8/site-packages/urllib3/connectionpool.py", line 1092, in _validate_conn
    conn.connect()
  File "/home/xchen/anaconda3/envs/Agri/lib/python3.8/site-packages/urllib3/connection.py", line 642, in connect
    sock_and_verified = _ssl_wrap_socket_and_match_hostname(
  File "/home/xchen/anaconda3/envs/Agri/lib/python3.8/site-packages/urllib3/connection.py", line 783, in _ssl_wrap_socket_and_match_hostname
    ssl_sock = ssl_wrap_socket(
  File "/home/xchen/anaconda3/envs/Agri/lib/python3.8/site-packages/urllib3/util/ssl_.py", line 469, in ssl_wrap_socket
    ssl_sock = _ssl_wrap_socket_impl(sock, context, tls_in_tls, server_hostname)
  File "/home/xchen/anaconda3/envs/Agri/lib/python3.8/site-packages/urllib3/util/ssl_.py", line 513, in _ssl_wrap_socket_impl
    return ssl_context.wrap_socket(sock, server_hostname=server_hostname)
  File "/home/xchen/anaconda3/envs/Agri/lib/python3.8/ssl.py", line 500, in wrap_socket
    return self.sslsocket_class._create(
  File "/home/xchen/anaconda3/envs/Agri/lib/python3.8/ssl.py", line 1073, in _create
    self.do_handshake()
  File "/home/xchen/anaconda3/envs/Agri/lib/python3.8/ssl.py", line 1342, in do_handshake
    self._sslobj.do_handshake()
urllib3.exceptions.ProtocolError: ('Connection aborted.', ConnectionResetError(104, 'Connection reset by peer'))

During handling of the above exception, another exception occurred:

Traceback (most recent call last):
  File "/home/xchen/anaconda3/envs/Agri/lib/python3.8/site-packages/wandb/sdk/internal/internal_api.py", line 2549, in upload_file
    response = self._upload_file_session.put(
  File "/home/xchen/anaconda3/envs/Agri/lib/python3.8/site-packages/requests/sessions.py", line 649, in put
    return self.request("PUT", url, data=data, **kwargs)
  File "/home/xchen/anaconda3/envs/Agri/lib/python3.8/site-packages/requests/sessions.py", line 589, in request
    resp = self.send(prep, **send_kwargs)
  File "/home/xchen/anaconda3/envs/Agri/lib/python3.8/site-packages/requests/sessions.py", line 703, in send
    r = adapter.send(request, **kwargs)
  File "/home/xchen/anaconda3/envs/Agri/lib/python3.8/site-packages/requests/adapters.py", line 501, in send
    raise ConnectionError(err, request=request)
requests.exceptions.ConnectionError: ('Connection aborted.', ConnectionResetError(104, 'Connection reset by peer'))

During handling of the above exception, another exception occurred:

Traceback (most recent call last):
  File "/home/xchen/anaconda3/envs/Agri/lib/python3.8/site-packages/wandb/sdk/lib/retry.py", line 131, in __call__
    result = self._call_fn(*args, **kwargs)
  File "/home/xchen/anaconda3/envs/Agri/lib/python3.8/site-packages/wandb/sdk/internal/internal_api.py", line 2580, in upload_file
    raise _e.with_traceback(sys.exc_info()[2])
  File "/home/xchen/anaconda3/envs/Agri/lib/python3.8/site-packages/wandb/sdk/internal/internal_api.py", line 2549, in upload_file
    response = self._upload_file_session.put(
  File "/home/xchen/anaconda3/envs/Agri/lib/python3.8/site-packages/requests/sessions.py", line 649, in put
    return self.request("PUT", url, data=data, **kwargs)
  File "/home/xchen/anaconda3/envs/Agri/lib/python3.8/site-packages/requests/sessions.py", line 589, in request
    resp = self.send(prep, **send_kwargs)
  File "/home/xchen/anaconda3/envs/Agri/lib/python3.8/site-packages/requests/sessions.py", line 703, in send
    r = adapter.send(request, **kwargs)
  File "/home/xchen/anaconda3/envs/Agri/lib/python3.8/site-packages/requests/adapters.py", line 501, in send
    raise ConnectionError(err, request=request)
wandb.sdk.lib.retry.TransientError: None
2023-10-21 20:15:56,129 ERROR   wandb-upload_1:2137510 [internal_api.py:upload_file():2556] upload_file exception https://storage.googleapis.com/wandb-artifacts-prod/wandb_artifacts/108649229/611844430/5dba34c7f07ae92b3419b9826e837e7b?Expires=1697976952&GoogleAccessId=gorilla-files-url-signer-man%40wandb-production.iam.gserviceaccount.com&Signature=m5bYDCQJoVPY6tQZopkJjt3McdMabNq4bw%2FtYBWCLqLZUh1POI98gaosnkWKhOI6evEIUnaVe%2BWuSYif22hPxMsAD2H8XERJSqrffZrc5wJUyJ3lL%2FW2bhTzZpXgAS7AZHMTJYgboiO%2FE1cAl7NUJPsvDbZyaTze%2BkBxu8%2BZBkEnP%2BgtN34Ley%2FJOqcnwCLBz92Odl4z9ZX8%2BEnC5gbMKVmrcunns%2FSFhtTneZLmLmmD6zwrgRqZVCnldDaywbE%2BDlIOo9cg2y%2FJUXSPHidtCdWX4BvmuEVRTvUHGoyMCND%2Budc%2B8dz%2BYYE%2BIAVtbRNGZ%2BctTpQVuP8KOYm%2F0IZpOA%3D%3D: ('Connection aborted.', ConnectionResetError(104, 'Connection reset by peer'))
2023-10-21 20:15:56,129 ERROR   wandb-upload_1:2137510 [internal_api.py:upload_file():2558] upload_file request headers: {'User-Agent': 'python-requests/2.31.0', 'Accept-Encoding': 'gzip, deflate, br', 'Accept': '*/*', 'Connection': 'keep-alive', 'Content-MD5': 'Xbo0x/B66Ss0GbmCboN+ew==', 'Content-Type': 'text/plain; charset=utf-8', 'Content-Length': '1854'}
2023-10-21 20:15:56,130 ERROR   wandb-upload_1:2137510 [internal_api.py:upload_file():2560] upload_file response body: 
2023-10-21 20:15:56,130 INFO    wandb-upload_1:2137510 [retry.py:__call__():172] Retry attempt failed:
Traceback (most recent call last):
  File "/home/xchen/anaconda3/envs/Agri/lib/python3.8/site-packages/urllib3/connectionpool.py", line 790, in urlopen
    response = self._make_request(
  File "/home/xchen/anaconda3/envs/Agri/lib/python3.8/site-packages/urllib3/connectionpool.py", line 491, in _make_request
    raise new_e
  File "/home/xchen/anaconda3/envs/Agri/lib/python3.8/site-packages/urllib3/connectionpool.py", line 467, in _make_request
    self._validate_conn(conn)
  File "/home/xchen/anaconda3/envs/Agri/lib/python3.8/site-packages/urllib3/connectionpool.py", line 1092, in _validate_conn
    conn.connect()
  File "/home/xchen/anaconda3/envs/Agri/lib/python3.8/site-packages/urllib3/connection.py", line 642, in connect
    sock_and_verified = _ssl_wrap_socket_and_match_hostname(
  File "/home/xchen/anaconda3/envs/Agri/lib/python3.8/site-packages/urllib3/connection.py", line 783, in _ssl_wrap_socket_and_match_hostname
    ssl_sock = ssl_wrap_socket(
  File "/home/xchen/anaconda3/envs/Agri/lib/python3.8/site-packages/urllib3/util/ssl_.py", line 469, in ssl_wrap_socket
    ssl_sock = _ssl_wrap_socket_impl(sock, context, tls_in_tls, server_hostname)
  File "/home/xchen/anaconda3/envs/Agri/lib/python3.8/site-packages/urllib3/util/ssl_.py", line 513, in _ssl_wrap_socket_impl
    return ssl_context.wrap_socket(sock, server_hostname=server_hostname)
  File "/home/xchen/anaconda3/envs/Agri/lib/python3.8/ssl.py", line 500, in wrap_socket
    return self.sslsocket_class._create(
  File "/home/xchen/anaconda3/envs/Agri/lib/python3.8/ssl.py", line 1073, in _create
    self.do_handshake()
  File "/home/xchen/anaconda3/envs/Agri/lib/python3.8/ssl.py", line 1342, in do_handshake
    self._sslobj.do_handshake()
ConnectionResetError: [Errno 104] Connection reset by peer

During handling of the above exception, another exception occurred:

Traceback (most recent call last):
  File "/home/xchen/anaconda3/envs/Agri/lib/python3.8/site-packages/requests/adapters.py", line 486, in send
    resp = conn.urlopen(
  File "/home/xchen/anaconda3/envs/Agri/lib/python3.8/site-packages/urllib3/connectionpool.py", line 844, in urlopen
    retries = retries.increment(
  File "/home/xchen/anaconda3/envs/Agri/lib/python3.8/site-packages/urllib3/util/retry.py", line 470, in increment
    raise reraise(type(error), error, _stacktrace)
  File "/home/xchen/anaconda3/envs/Agri/lib/python3.8/site-packages/urllib3/util/util.py", line 38, in reraise
    raise value.with_traceback(tb)
  File "/home/xchen/anaconda3/envs/Agri/lib/python3.8/site-packages/urllib3/connectionpool.py", line 790, in urlopen
    response = self._make_request(
  File "/home/xchen/anaconda3/envs/Agri/lib/python3.8/site-packages/urllib3/connectionpool.py", line 491, in _make_request
    raise new_e
  File "/home/xchen/anaconda3/envs/Agri/lib/python3.8/site-packages/urllib3/connectionpool.py", line 467, in _make_request
    self._validate_conn(conn)
  File "/home/xchen/anaconda3/envs/Agri/lib/python3.8/site-packages/urllib3/connectionpool.py", line 1092, in _validate_conn
    conn.connect()
  File "/home/xchen/anaconda3/envs/Agri/lib/python3.8/site-packages/urllib3/connection.py", line 642, in connect
    sock_and_verified = _ssl_wrap_socket_and_match_hostname(
  File "/home/xchen/anaconda3/envs/Agri/lib/python3.8/site-packages/urllib3/connection.py", line 783, in _ssl_wrap_socket_and_match_hostname
    ssl_sock = ssl_wrap_socket(
  File "/home/xchen/anaconda3/envs/Agri/lib/python3.8/site-packages/urllib3/util/ssl_.py", line 469, in ssl_wrap_socket
    ssl_sock = _ssl_wrap_socket_impl(sock, context, tls_in_tls, server_hostname)
  File "/home/xchen/anaconda3/envs/Agri/lib/python3.8/site-packages/urllib3/util/ssl_.py", line 513, in _ssl_wrap_socket_impl
    return ssl_context.wrap_socket(sock, server_hostname=server_hostname)
  File "/home/xchen/anaconda3/envs/Agri/lib/python3.8/ssl.py", line 500, in wrap_socket
    return self.sslsocket_class._create(
  File "/home/xchen/anaconda3/envs/Agri/lib/python3.8/ssl.py", line 1073, in _create
    self.do_handshake()
  File "/home/xchen/anaconda3/envs/Agri/lib/python3.8/ssl.py", line 1342, in do_handshake
    self._sslobj.do_handshake()
urllib3.exceptions.ProtocolError: ('Connection aborted.', ConnectionResetError(104, 'Connection reset by peer'))

During handling of the above exception, another exception occurred:

Traceback (most recent call last):
  File "/home/xchen/anaconda3/envs/Agri/lib/python3.8/site-packages/wandb/sdk/internal/internal_api.py", line 2549, in upload_file
    response = self._upload_file_session.put(
  File "/home/xchen/anaconda3/envs/Agri/lib/python3.8/site-packages/requests/sessions.py", line 649, in put
    return self.request("PUT", url, data=data, **kwargs)
  File "/home/xchen/anaconda3/envs/Agri/lib/python3.8/site-packages/requests/sessions.py", line 589, in request
    resp = self.send(prep, **send_kwargs)
  File "/home/xchen/anaconda3/envs/Agri/lib/python3.8/site-packages/requests/sessions.py", line 703, in send
    r = adapter.send(request, **kwargs)
  File "/home/xchen/anaconda3/envs/Agri/lib/python3.8/site-packages/requests/adapters.py", line 501, in send
    raise ConnectionError(err, request=request)
requests.exceptions.ConnectionError: ('Connection aborted.', ConnectionResetError(104, 'Connection reset by peer'))

During handling of the above exception, another exception occurred:

Traceback (most recent call last):
  File "/home/xchen/anaconda3/envs/Agri/lib/python3.8/site-packages/wandb/sdk/lib/retry.py", line 131, in __call__
    result = self._call_fn(*args, **kwargs)
  File "/home/xchen/anaconda3/envs/Agri/lib/python3.8/site-packages/wandb/sdk/internal/internal_api.py", line 2580, in upload_file
    raise _e.with_traceback(sys.exc_info()[2])
  File "/home/xchen/anaconda3/envs/Agri/lib/python3.8/site-packages/wandb/sdk/internal/internal_api.py", line 2549, in upload_file
    response = self._upload_file_session.put(
  File "/home/xchen/anaconda3/envs/Agri/lib/python3.8/site-packages/requests/sessions.py", line 649, in put
    return self.request("PUT", url, data=data, **kwargs)
  File "/home/xchen/anaconda3/envs/Agri/lib/python3.8/site-packages/requests/sessions.py", line 589, in request
    resp = self.send(prep, **send_kwargs)
  File "/home/xchen/anaconda3/envs/Agri/lib/python3.8/site-packages/requests/sessions.py", line 703, in send
    r = adapter.send(request, **kwargs)
  File "/home/xchen/anaconda3/envs/Agri/lib/python3.8/site-packages/requests/adapters.py", line 501, in send
    raise ConnectionError(err, request=request)
wandb.sdk.lib.retry.TransientError: None
2023-10-21 20:15:58,399 DEBUG   HandlerThread:2137510 [handler.py:handle_request():146] handle_request: keepalive
2023-10-21 20:16:00,602 ERROR   wandb-upload_1:2137510 [internal_api.py:upload_file():2556] upload_file exception https://storage.googleapis.com/wandb-artifacts-prod/wandb_artifacts/108649229/611844430/5dba34c7f07ae92b3419b9826e837e7b?Expires=1697976952&GoogleAccessId=gorilla-files-url-signer-man%40wandb-production.iam.gserviceaccount.com&Signature=m5bYDCQJoVPY6tQZopkJjt3McdMabNq4bw%2FtYBWCLqLZUh1POI98gaosnkWKhOI6evEIUnaVe%2BWuSYif22hPxMsAD2H8XERJSqrffZrc5wJUyJ3lL%2FW2bhTzZpXgAS7AZHMTJYgboiO%2FE1cAl7NUJPsvDbZyaTze%2BkBxu8%2BZBkEnP%2BgtN34Ley%2FJOqcnwCLBz92Odl4z9ZX8%2BEnC5gbMKVmrcunns%2FSFhtTneZLmLmmD6zwrgRqZVCnldDaywbE%2BDlIOo9cg2y%2FJUXSPHidtCdWX4BvmuEVRTvUHGoyMCND%2Budc%2B8dz%2BYYE%2BIAVtbRNGZ%2BctTpQVuP8KOYm%2F0IZpOA%3D%3D: ('Connection aborted.', ConnectionResetError(104, 'Connection reset by peer'))
2023-10-21 20:16:00,602 ERROR   wandb-upload_1:2137510 [internal_api.py:upload_file():2558] upload_file request headers: {'User-Agent': 'python-requests/2.31.0', 'Accept-Encoding': 'gzip, deflate, br', 'Accept': '*/*', 'Connection': 'keep-alive', 'Content-MD5': 'Xbo0x/B66Ss0GbmCboN+ew==', 'Content-Type': 'text/plain; charset=utf-8', 'Content-Length': '1854'}
2023-10-21 20:16:00,602 ERROR   wandb-upload_1:2137510 [internal_api.py:upload_file():2560] upload_file response body: 
2023-10-21 20:16:00,891 ERROR   wandb-upload_2:2137510 [internal_api.py:upload_file():2556] upload_file exception https://storage.googleapis.com/wandb-artifacts-prod/wandb_artifacts/108649229/611844430/c36a9271e5a902806ef0eec8e5bc5e08?Expires=1697976952&GoogleAccessId=gorilla-files-url-signer-man%40wandb-production.iam.gserviceaccount.com&Signature=OWE48Z9vw9OZJKpeywwVKZWUSyDgQleSQSHSs6VpqdV1EhMjk9uU9yM%2Fm7sY4GCMxeXg%2F%2BcwsqMWI3Cu7fbZ%2BVAg5bDzRha0AERrn4K09I818oLQJ5rfZQCk5Gz4xfYllnRdeSUFq2JzacXShziWMsL80vr%2BrWqWrnoCTSJQmkj7MgQF%2BcHQB4tHqr6VJ%2BzEpsELC2nL0MfeXlQWcm50itbBKrn97Z%2FFLINkERpoe16cV2jakRvr5T8IcUqlqXTPAF0jgCQw8cp9bQFOV4ULdf%2B5Javbf15dTrdMYtxmE4aAakEf0rJ90eK45%2FjHeMJP1gq6xkWdtDJiN0SS%2BaTj6A%3D%3D: ('Connection aborted.', ConnectionResetError(104, 'Connection reset by peer'))
2023-10-21 20:16:00,891 ERROR   wandb-upload_2:2137510 [internal_api.py:upload_file():2558] upload_file request headers: {'User-Agent': 'python-requests/2.31.0', 'Accept-Encoding': 'gzip, deflate, br', 'Accept': '*/*', 'Connection': 'keep-alive', 'Content-MD5': 'w2qSceWpAoBu8O7I5bxeCA==', 'Content-Type': 'application/json', 'Content-Length': '57626'}
2023-10-21 20:16:00,891 ERROR   wandb-upload_2:2137510 [internal_api.py:upload_file():2560] upload_file response body: 
2023-10-21 20:16:03,400 DEBUG   HandlerThread:2137510 [handler.py:handle_request():146] handle_request: keepalive
2023-10-21 20:16:08,401 DEBUG   HandlerThread:2137510 [handler.py:handle_request():146] handle_request: keepalive
2023-10-21 20:16:09,887 ERROR   wandb-upload_2:2137510 [internal_api.py:upload_file():2556] upload_file exception https://storage.googleapis.com/wandb-artifacts-prod/wandb_artifacts/108649229/611844430/c36a9271e5a902806ef0eec8e5bc5e08?Expires=1697976952&GoogleAccessId=gorilla-files-url-signer-man%40wandb-production.iam.gserviceaccount.com&Signature=OWE48Z9vw9OZJKpeywwVKZWUSyDgQleSQSHSs6VpqdV1EhMjk9uU9yM%2Fm7sY4GCMxeXg%2F%2BcwsqMWI3Cu7fbZ%2BVAg5bDzRha0AERrn4K09I818oLQJ5rfZQCk5Gz4xfYllnRdeSUFq2JzacXShziWMsL80vr%2BrWqWrnoCTSJQmkj7MgQF%2BcHQB4tHqr6VJ%2BzEpsELC2nL0MfeXlQWcm50itbBKrn97Z%2FFLINkERpoe16cV2jakRvr5T8IcUqlqXTPAF0jgCQw8cp9bQFOV4ULdf%2B5Javbf15dTrdMYtxmE4aAakEf0rJ90eK45%2FjHeMJP1gq6xkWdtDJiN0SS%2BaTj6A%3D%3D: ('Connection aborted.', ConnectionResetError(104, 'Connection reset by peer'))
2023-10-21 20:16:09,887 ERROR   wandb-upload_2:2137510 [internal_api.py:upload_file():2558] upload_file request headers: {'User-Agent': 'python-requests/2.31.0', 'Accept-Encoding': 'gzip, deflate, br', 'Accept': '*/*', 'Connection': 'keep-alive', 'Content-MD5': 'w2qSceWpAoBu8O7I5bxeCA==', 'Content-Type': 'application/json', 'Content-Length': '57626'}
2023-10-21 20:16:09,887 ERROR   wandb-upload_2:2137510 [internal_api.py:upload_file():2560] upload_file response body: 
2023-10-21 20:16:10,730 ERROR   wandb-upload_1:2137510 [internal_api.py:upload_file():2556] upload_file exception https://storage.googleapis.com/wandb-artifacts-prod/wandb_artifacts/108649229/611844430/5dba34c7f07ae92b3419b9826e837e7b?Expires=1697976952&GoogleAccessId=gorilla-files-url-signer-man%40wandb-production.iam.gserviceaccount.com&Signature=m5bYDCQJoVPY6tQZopkJjt3McdMabNq4bw%2FtYBWCLqLZUh1POI98gaosnkWKhOI6evEIUnaVe%2BWuSYif22hPxMsAD2H8XERJSqrffZrc5wJUyJ3lL%2FW2bhTzZpXgAS7AZHMTJYgboiO%2FE1cAl7NUJPsvDbZyaTze%2BkBxu8%2BZBkEnP%2BgtN34Ley%2FJOqcnwCLBz92Odl4z9ZX8%2BEnC5gbMKVmrcunns%2FSFhtTneZLmLmmD6zwrgRqZVCnldDaywbE%2BDlIOo9cg2y%2FJUXSPHidtCdWX4BvmuEVRTvUHGoyMCND%2Budc%2B8dz%2BYYE%2BIAVtbRNGZ%2BctTpQVuP8KOYm%2F0IZpOA%3D%3D: ('Connection aborted.', ConnectionResetError(104, 'Connection reset by peer'))
2023-10-21 20:16:10,731 ERROR   wandb-upload_1:2137510 [internal_api.py:upload_file():2558] upload_file request headers: {'User-Agent': 'python-requests/2.31.0', 'Accept-Encoding': 'gzip, deflate, br', 'Accept': '*/*', 'Connection': 'keep-alive', 'Content-MD5': 'Xbo0x/B66Ss0GbmCboN+ew==', 'Content-Type': 'text/plain; charset=utf-8', 'Content-Length': '1854'}
2023-10-21 20:16:10,731 ERROR   wandb-upload_1:2137510 [internal_api.py:upload_file():2560] upload_file response body: 
2023-10-21 20:16:13,403 DEBUG   HandlerThread:2137510 [handler.py:handle_request():146] handle_request: keepalive
2023-10-21 20:16:18,404 DEBUG   HandlerThread:2137510 [handler.py:handle_request():146] handle_request: keepalive
2023-10-21 20:16:23,405 DEBUG   HandlerThread:2137510 [handler.py:handle_request():146] handle_request: keepalive
2023-10-21 20:16:28,406 DEBUG   HandlerThread:2137510 [handler.py:handle_request():146] handle_request: keepalive
2023-10-21 20:16:29,910 ERROR   wandb-upload_1:2137510 [internal_api.py:upload_file():2556] upload_file exception https://storage.googleapis.com/wandb-artifacts-prod/wandb_artifacts/108649229/611844430/5dba34c7f07ae92b3419b9826e837e7b?Expires=1697976952&GoogleAccessId=gorilla-files-url-signer-man%40wandb-production.iam.gserviceaccount.com&Signature=m5bYDCQJoVPY6tQZopkJjt3McdMabNq4bw%2FtYBWCLqLZUh1POI98gaosnkWKhOI6evEIUnaVe%2BWuSYif22hPxMsAD2H8XERJSqrffZrc5wJUyJ3lL%2FW2bhTzZpXgAS7AZHMTJYgboiO%2FE1cAl7NUJPsvDbZyaTze%2BkBxu8%2BZBkEnP%2BgtN34Ley%2FJOqcnwCLBz92Odl4z9ZX8%2BEnC5gbMKVmrcunns%2FSFhtTneZLmLmmD6zwrgRqZVCnldDaywbE%2BDlIOo9cg2y%2FJUXSPHidtCdWX4BvmuEVRTvUHGoyMCND%2Budc%2B8dz%2BYYE%2BIAVtbRNGZ%2BctTpQVuP8KOYm%2F0IZpOA%3D%3D: ('Connection aborted.', ConnectionResetError(104, 'Connection reset by peer'))
2023-10-21 20:16:29,910 ERROR   wandb-upload_1:2137510 [internal_api.py:upload_file():2558] upload_file request headers: {'User-Agent': 'python-requests/2.31.0', 'Accept-Encoding': 'gzip, deflate, br', 'Accept': '*/*', 'Connection': 'keep-alive', 'Content-MD5': 'Xbo0x/B66Ss0GbmCboN+ew==', 'Content-Type': 'text/plain; charset=utf-8', 'Content-Length': '1854'}
2023-10-21 20:16:29,910 ERROR   wandb-upload_1:2137510 [internal_api.py:upload_file():2560] upload_file response body: 
2023-10-21 20:16:33,407 DEBUG   HandlerThread:2137510 [handler.py:handle_request():146] handle_request: keepalive
2023-10-21 20:16:38,408 DEBUG   HandlerThread:2137510 [handler.py:handle_request():146] handle_request: keepalive
2023-10-21 20:16:43,410 DEBUG   HandlerThread:2137510 [handler.py:handle_request():146] handle_request: keepalive
2023-10-21 20:16:48,411 DEBUG   HandlerThread:2137510 [handler.py:handle_request():146] handle_request: keepalive
